{"numFailedTestSuites":1,"numFailedTests":5,"numPassedTestSuites":0,"numPassedTests":18,"numPendingTestSuites":0,"numPendingTests":0,"numRuntimeErrorTestSuites":0,"numTodoTests":0,"numTotalTestSuites":1,"numTotalTests":23,"openHandles":[],"snapshot":{"added":0,"didUpdate":false,"failure":false,"filesAdded":0,"filesRemoved":0,"filesRemovedList":[],"filesUnmatched":0,"filesUpdated":0,"matched":0,"total":0,"unchecked":0,"uncheckedKeysByFile":[],"unmatched":0,"updated":0},"startTime":1754949612739,"success":false,"testResults":[{"assertionResults":[{"ancestorTitles":["Socket Handlers","setupSocketHandlers"],"duration":2,"failureDetails":[],"failureMessages":[],"fullName":"Socket Handlers setupSocketHandlers should set up socket handlers and return helper functions","invocations":1,"location":null,"numPassingAsserts":3,"retryReasons":[],"status":"passed","title":"should set up socket handlers and return helper functions"},{"ancestorTitles":["Socket Handlers","setupSocketHandlers"],"duration":1,"failureDetails":[],"failureMessages":[],"fullName":"Socket Handlers setupSocketHandlers should log OpenAI API key status","invocations":1,"location":null,"numPassingAsserts":1,"retryReasons":[],"status":"passed","title":"should log OpenAI API key status"},{"ancestorTitles":["Socket Handlers","Connection Handler"],"duration":2,"failureDetails":[],"failureMessages":[],"fullName":"Socket Handlers Connection Handler should handle new socket connection","invocations":1,"location":null,"numPassingAsserts":2,"retryReasons":[],"status":"passed","title":"should handle new socket connection"},{"ancestorTitles":["Socket Handlers","Connection Handler"],"duration":2,"failureDetails":[],"failureMessages":[],"fullName":"Socket Handlers Connection Handler should set up socket event handlers","invocations":1,"location":null,"numPassingAsserts":8,"retryReasons":[],"status":"passed","title":"should set up socket event handlers"},{"ancestorTitles":["Socket Handlers","Connection Handler"],"duration":1,"failureDetails":[],"failureMessages":[],"fullName":"Socket Handlers Connection Handler should set up periodic timers","invocations":1,"location":null,"numPassingAsserts":2,"retryReasons":[],"status":"passed","title":"should set up periodic timers"},{"ancestorTitles":["Socket Handlers","Connection Handler"],"duration":1,"failureDetails":[],"failureMessages":[],"fullName":"Socket Handlers Connection Handler should properly clean up on disconnect","invocations":1,"location":null,"numPassingAsserts":1,"retryReasons":[],"status":"passed","title":"should properly clean up on disconnect"},{"ancestorTitles":["Socket Handlers","Join/Leave Conversation Handlers"],"duration":1,"failureDetails":[],"failureMessages":[],"fullName":"Socket Handlers Join/Leave Conversation Handlers should handle join_conversation event","invocations":1,"location":null,"numPassingAsserts":1,"retryReasons":[],"status":"passed","title":"should handle join_conversation event"},{"ancestorTitles":["Socket Handlers","Join/Leave Conversation Handlers"],"duration":0,"failureDetails":[],"failureMessages":[],"fullName":"Socket Handlers Join/Leave Conversation Handlers should handle leave_conversation event","invocations":1,"location":null,"numPassingAsserts":1,"retryReasons":[],"status":"passed","title":"should handle leave_conversation event"},{"ancestorTitles":["Socket Handlers","Typing Handlers"],"duration":0,"failureDetails":[],"failureMessages":[],"fullName":"Socket Handlers Typing Handlers should handle typing_start event","invocations":1,"location":null,"numPassingAsserts":2,"retryReasons":[],"status":"passed","title":"should handle typing_start event"},{"ancestorTitles":["Socket Handlers","Typing Handlers"],"duration":1,"failureDetails":[],"failureMessages":[],"fullName":"Socket Handlers Typing Handlers should handle typing_start event without userName","invocations":1,"location":null,"numPassingAsserts":1,"retryReasons":[],"status":"passed","title":"should handle typing_start event without userName"},{"ancestorTitles":["Socket Handlers","Typing Handlers"],"duration":11,"failureDetails":[],"failureMessages":[],"fullName":"Socket Handlers Typing Handlers should handle typing_stop event","invocations":1,"location":null,"numPassingAsserts":2,"retryReasons":[],"status":"passed","title":"should handle typing_stop event"},{"ancestorTitles":["Socket Handlers","Message Read Handler"],"duration":1,"failureDetails":[],"failureMessages":[],"fullName":"Socket Handlers Message Read Handler should handle message_read event","invocations":1,"location":null,"numPassingAsserts":2,"retryReasons":[],"status":"passed","title":"should handle message_read event"},{"ancestorTitles":["Socket Handlers","Stream Chat Handler"],"duration":1,"failureDetails":[],"failureMessages":[],"fullName":"Socket Handlers Stream Chat Handler should handle empty message","invocations":1,"location":null,"numPassingAsserts":1,"retryReasons":[],"status":"passed","title":"should handle empty message"},{"ancestorTitles":["Socket Handlers","Stream Chat Handler"],"duration":1,"failureDetails":[],"failureMessages":[],"fullName":"Socket Handlers Stream Chat Handler should handle conversation not found","invocations":1,"location":null,"numPassingAsserts":1,"retryReasons":[],"status":"passed","title":"should handle conversation not found"},{"ancestorTitles":["Socket Handlers","Stream Chat Handler"],"duration":30022,"failureDetails":[{"message":"thrown: \"Exceeded timeout of 30000 ms for a test.\nAdd a timeout value to this test to increase the timeout, if this is a long-running test. See https://jestjs.io/docs/api#testname-fn-timeout.\""}],"failureMessages":["Error: thrown: \"Exceeded timeout of 30000 ms for a test.\nAdd a timeout value to this test to increase the timeout, if this is a long-running test. See https://jestjs.io/docs/api#testname-fn-timeout.\"\n    at /Users/ianlintner/Projects/React/backend/src/socket/__tests__/socketHandlers.test.ts:402:5\n    at _dispatchDescribe (/Users/ianlintner/Projects/React/backend/node_modules/jest-circus/build/index.js:91:26)\n    at describe (/Users/ianlintner/Projects/React/backend/node_modules/jest-circus/build/index.js:55:5)\n    at /Users/ianlintner/Projects/React/backend/src/socket/__tests__/socketHandlers.test.ts:348:3\n    at _dispatchDescribe (/Users/ianlintner/Projects/React/backend/node_modules/jest-circus/build/index.js:91:26)\n    at describe (/Users/ianlintner/Projects/React/backend/node_modules/jest-circus/build/index.js:55:5)\n    at Object.<anonymous> (/Users/ianlintner/Projects/React/backend/src/socket/__tests__/socketHandlers.test.ts:19:1)\n    at Runtime._execModule (/Users/ianlintner/Projects/React/backend/node_modules/jest-runtime/build/index.js:1439:24)\n    at Runtime._loadModule (/Users/ianlintner/Projects/React/backend/node_modules/jest-runtime/build/index.js:1022:12)\n    at Runtime.requireModule (/Users/ianlintner/Projects/React/backend/node_modules/jest-runtime/build/index.js:882:12)\n    at jestAdapter (/Users/ianlintner/Projects/React/backend/node_modules/jest-circus/build/legacy-code-todo-rewrite/jestAdapter.js:77:13)\n    at runTestInternal (/Users/ianlintner/Projects/React/backend/node_modules/jest-runner/build/runTest.js:367:16)\n    at runTest (/Users/ianlintner/Projects/React/backend/node_modules/jest-runner/build/runTest.js:444:34)"],"fullName":"Socket Handlers Stream Chat Handler should create new conversation when no conversationId provided","invocations":1,"location":null,"numPassingAsserts":0,"retryReasons":[],"status":"failed","title":"should create new conversation when no conversationId provided"},{"ancestorTitles":["Socket Handlers","Stream Chat Handler"],"duration":30007,"failureDetails":[{"message":"thrown: \"Exceeded timeout of 30000 ms for a test.\nAdd a timeout value to this test to increase the timeout, if this is a long-running test. See https://jestjs.io/docs/api#testname-fn-timeout.\""}],"failureMessages":["Error: thrown: \"Exceeded timeout of 30000 ms for a test.\nAdd a timeout value to this test to increase the timeout, if this is a long-running test. See https://jestjs.io/docs/api#testname-fn-timeout.\"\n    at /Users/ianlintner/Projects/React/backend/src/socket/__tests__/socketHandlers.test.ts:419:5\n    at _dispatchDescribe (/Users/ianlintner/Projects/React/backend/node_modules/jest-circus/build/index.js:91:26)\n    at describe (/Users/ianlintner/Projects/React/backend/node_modules/jest-circus/build/index.js:55:5)\n    at /Users/ianlintner/Projects/React/backend/src/socket/__tests__/socketHandlers.test.ts:348:3\n    at _dispatchDescribe (/Users/ianlintner/Projects/React/backend/node_modules/jest-circus/build/index.js:91:26)\n    at describe (/Users/ianlintner/Projects/React/backend/node_modules/jest-circus/build/index.js:55:5)\n    at Object.<anonymous> (/Users/ianlintner/Projects/React/backend/src/socket/__tests__/socketHandlers.test.ts:19:1)\n    at Runtime._execModule (/Users/ianlintner/Projects/React/backend/node_modules/jest-runtime/build/index.js:1439:24)\n    at Runtime._loadModule (/Users/ianlintner/Projects/React/backend/node_modules/jest-runtime/build/index.js:1022:12)\n    at Runtime.requireModule (/Users/ianlintner/Projects/React/backend/node_modules/jest-runtime/build/index.js:882:12)\n    at jestAdapter (/Users/ianlintner/Projects/React/backend/node_modules/jest-circus/build/legacy-code-todo-rewrite/jestAdapter.js:77:13)\n    at runTestInternal (/Users/ianlintner/Projects/React/backend/node_modules/jest-runner/build/runTest.js:367:16)\n    at runTest (/Users/ianlintner/Projects/React/backend/node_modules/jest-runner/build/runTest.js:444:34)"],"fullName":"Socket Handlers Stream Chat Handler should use existing conversation when conversationId provided","invocations":1,"location":null,"numPassingAsserts":0,"retryReasons":[],"status":"failed","title":"should use existing conversation when conversationId provided"},{"ancestorTitles":["Socket Handlers","Stream Chat Handler"],"duration":30004,"failureDetails":[{"message":"thrown: \"Exceeded timeout of 30000 ms for a test.\nAdd a timeout value to this test to increase the timeout, if this is a long-running test. See https://jestjs.io/docs/api#testname-fn-timeout.\""}],"failureMessages":["Error: thrown: \"Exceeded timeout of 30000 ms for a test.\nAdd a timeout value to this test to increase the timeout, if this is a long-running test. See https://jestjs.io/docs/api#testname-fn-timeout.\"\n    at /Users/ianlintner/Projects/React/backend/src/socket/__tests__/socketHandlers.test.ts:439:5\n    at _dispatchDescribe (/Users/ianlintner/Projects/React/backend/node_modules/jest-circus/build/index.js:91:26)\n    at describe (/Users/ianlintner/Projects/React/backend/node_modules/jest-circus/build/index.js:55:5)\n    at /Users/ianlintner/Projects/React/backend/src/socket/__tests__/socketHandlers.test.ts:348:3\n    at _dispatchDescribe (/Users/ianlintner/Projects/React/backend/node_modules/jest-circus/build/index.js:91:26)\n    at describe (/Users/ianlintner/Projects/React/backend/node_modules/jest-circus/build/index.js:55:5)\n    at Object.<anonymous> (/Users/ianlintner/Projects/React/backend/src/socket/__tests__/socketHandlers.test.ts:19:1)\n    at Runtime._execModule (/Users/ianlintner/Projects/React/backend/node_modules/jest-runtime/build/index.js:1439:24)\n    at Runtime._loadModule (/Users/ianlintner/Projects/React/backend/node_modules/jest-runtime/build/index.js:1022:12)\n    at Runtime.requireModule (/Users/ianlintner/Projects/React/backend/node_modules/jest-runtime/build/index.js:882:12)\n    at jestAdapter (/Users/ianlintner/Projects/React/backend/node_modules/jest-circus/build/legacy-code-todo-rewrite/jestAdapter.js:77:13)\n    at runTestInternal (/Users/ianlintner/Projects/React/backend/node_modules/jest-runner/build/runTest.js:367:16)\n    at runTest (/Users/ianlintner/Projects/React/backend/node_modules/jest-runner/build/runTest.js:444:34)"],"fullName":"Socket Handlers Stream Chat Handler should process message and emit streaming response","invocations":1,"location":null,"numPassingAsserts":0,"retryReasons":[],"status":"failed","title":"should process message and emit streaming response"},{"ancestorTitles":["Socket Handlers","Stream Chat Handler"],"duration":5,"failureDetails":[],"failureMessages":[],"fullName":"Socket Handlers Stream Chat Handler should handle agent service errors","invocations":1,"location":null,"numPassingAsserts":1,"retryReasons":[],"status":"passed","title":"should handle agent service errors"},{"ancestorTitles":["Socket Handlers","Stream Chat Handler"],"duration":30009,"failureDetails":[{"message":"thrown: \"Exceeded timeout of 30000 ms for a test.\nAdd a timeout value to this test to increase the timeout, if this is a long-running test. See https://jestjs.io/docs/api#testname-fn-timeout.\""}],"failureMessages":["Error: thrown: \"Exceeded timeout of 30000 ms for a test.\nAdd a timeout value to this test to increase the timeout, if this is a long-running test. See https://jestjs.io/docs/api#testname-fn-timeout.\"\n    at /Users/ianlintner/Projects/React/backend/src/socket/__tests__/socketHandlers.test.ts:481:5\n    at _dispatchDescribe (/Users/ianlintner/Projects/React/backend/node_modules/jest-circus/build/index.js:91:26)\n    at describe (/Users/ianlintner/Projects/React/backend/node_modules/jest-circus/build/index.js:55:5)\n    at /Users/ianlintner/Projects/React/backend/src/socket/__tests__/socketHandlers.test.ts:348:3\n    at _dispatchDescribe (/Users/ianlintner/Projects/React/backend/node_modules/jest-circus/build/index.js:91:26)\n    at describe (/Users/ianlintner/Projects/React/backend/node_modules/jest-circus/build/index.js:55:5)\n    at Object.<anonymous> (/Users/ianlintner/Projects/React/backend/src/socket/__tests__/socketHandlers.test.ts:19:1)\n    at Runtime._execModule (/Users/ianlintner/Projects/React/backend/node_modules/jest-runtime/build/index.js:1439:24)\n    at Runtime._loadModule (/Users/ianlintner/Projects/React/backend/node_modules/jest-runtime/build/index.js:1022:12)\n    at Runtime.requireModule (/Users/ianlintner/Projects/React/backend/node_modules/jest-runtime/build/index.js:882:12)\n    at jestAdapter (/Users/ianlintner/Projects/React/backend/node_modules/jest-circus/build/legacy-code-todo-rewrite/jestAdapter.js:77:13)\n    at runTestInternal (/Users/ianlintner/Projects/React/backend/node_modules/jest-runner/build/runTest.js:367:16)\n    at runTest (/Users/ianlintner/Projects/React/backend/node_modules/jest-runner/build/runTest.js:444:34)"],"fullName":"Socket Handlers Stream Chat Handler should handle proactive actions","invocations":1,"location":null,"numPassingAsserts":4,"retryReasons":[],"status":"failed","title":"should handle proactive actions"},{"ancestorTitles":["Socket Handlers","Stream Chat Handler"],"duration":30009,"failureDetails":[{"message":"thrown: \"Exceeded timeout of 30000 ms for a test.\nAdd a timeout value to this test to increase the timeout, if this is a long-running test. See https://jestjs.io/docs/api#testname-fn-timeout.\""}],"failureMessages":["Error: thrown: \"Exceeded timeout of 30000 ms for a test.\nAdd a timeout value to this test to increase the timeout, if this is a long-running test. See https://jestjs.io/docs/api#testname-fn-timeout.\"\n    at /Users/ianlintner/Projects/React/backend/src/socket/__tests__/socketHandlers.test.ts:516:5\n    at _dispatchDescribe (/Users/ianlintner/Projects/React/backend/node_modules/jest-circus/build/index.js:91:26)\n    at describe (/Users/ianlintner/Projects/React/backend/node_modules/jest-circus/build/index.js:55:5)\n    at /Users/ianlintner/Projects/React/backend/src/socket/__tests__/socketHandlers.test.ts:348:3\n    at _dispatchDescribe (/Users/ianlintner/Projects/React/backend/node_modules/jest-circus/build/index.js:91:26)\n    at describe (/Users/ianlintner/Projects/React/backend/node_modules/jest-circus/build/index.js:55:5)\n    at Object.<anonymous> (/Users/ianlintner/Projects/React/backend/src/socket/__tests__/socketHandlers.test.ts:19:1)\n    at Runtime._execModule (/Users/ianlintner/Projects/React/backend/node_modules/jest-runtime/build/index.js:1439:24)\n    at Runtime._loadModule (/Users/ianlintner/Projects/React/backend/node_modules/jest-runtime/build/index.js:1022:12)\n    at Runtime.requireModule (/Users/ianlintner/Projects/React/backend/node_modules/jest-runtime/build/index.js:882:12)\n    at jestAdapter (/Users/ianlintner/Projects/React/backend/node_modules/jest-circus/build/legacy-code-todo-rewrite/jestAdapter.js:77:13)\n    at runTestInternal (/Users/ianlintner/Projects/React/backend/node_modules/jest-runner/build/runTest.js:367:16)\n    at runTest (/Users/ianlintner/Projects/React/backend/node_modules/jest-runner/build/runTest.js:444:34)"],"fullName":"Socket Handlers Stream Chat Handler should track metrics during message processing","invocations":1,"location":null,"numPassingAsserts":1,"retryReasons":[],"status":"failed","title":"should track metrics during message processing"},{"ancestorTitles":["Socket Handlers","Disconnect Handler"],"duration":5,"failureDetails":[],"failureMessages":[],"fullName":"Socket Handlers Disconnect Handler should handle socket disconnection","invocations":1,"location":null,"numPassingAsserts":1,"retryReasons":[],"status":"passed","title":"should handle socket disconnection"},{"ancestorTitles":["Socket Handlers","Error Handler"],"duration":4,"failureDetails":[],"failureMessages":[],"fullName":"Socket Handlers Error Handler should handle socket errors","invocations":1,"location":null,"numPassingAsserts":1,"retryReasons":[],"status":"passed","title":"should handle socket errors"},{"ancestorTitles":["Socket Handlers","Helper Functions"],"duration":5,"failureDetails":[],"failureMessages":[],"fullName":"Socket Handlers Helper Functions should provide emitToConversation helper","invocations":1,"location":null,"numPassingAsserts":2,"retryReasons":[],"status":"passed","title":"should provide emitToConversation helper"}],"endTime":1754949763874,"message":"\u001b[1m\u001b[31m  \u001b[1m● \u001b[22m\u001b[1mSocket Handlers › Stream Chat Handler › should create new conversation when no conversationId provided\u001b[39m\u001b[22m\n\n    thrown: \"Exceeded timeout of 30000 ms for a test.\n    Add a timeout value to this test to increase the timeout, if this is a long-running test. See https://jestjs.io/docs/api#testname-fn-timeout.\"\n\u001b[2m\u001b[22m\n\u001b[2m    \u001b[0m \u001b[90m 400 |\u001b[39m     })\u001b[33m;\u001b[39m\u001b[22m\n\u001b[2m     \u001b[90m 401 |\u001b[39m\u001b[22m\n\u001b[2m    \u001b[31m\u001b[1m>\u001b[22m\u001b[2m\u001b[39m\u001b[90m 402 |\u001b[39m     it(\u001b[32m'should create new conversation when no conversationId provided'\u001b[39m\u001b[33m,\u001b[39m \u001b[36masync\u001b[39m () \u001b[33m=>\u001b[39m {\u001b[22m\n\u001b[2m     \u001b[90m     |\u001b[39m     \u001b[31m\u001b[1m^\u001b[22m\u001b[2m\u001b[39m\u001b[22m\n\u001b[2m     \u001b[90m 403 |\u001b[39m       \u001b[36mconst\u001b[39m data \u001b[33m=\u001b[39m { message\u001b[33m:\u001b[39m \u001b[32m'test message'\u001b[39m }\u001b[33m;\u001b[39m\u001b[22m\n\u001b[2m     \u001b[90m 404 |\u001b[39m       \u001b[22m\n\u001b[2m     \u001b[90m 405 |\u001b[39m       \u001b[36mconst\u001b[39m promise \u001b[33m=\u001b[39m streamChatHandler(data)\u001b[33m;\u001b[39m\u001b[0m\u001b[22m\n\u001b[2m\u001b[22m\n\u001b[2m      \u001b[2mat \u001b[22m\u001b[2m\u001b[0m\u001b[36msrc/socket/__tests__/socketHandlers.test.ts\u001b[39m\u001b[0m\u001b[2m:402:5\u001b[22m\u001b[2m\u001b[22m\n\u001b[2m      \u001b[2mat \u001b[22m\u001b[2m\u001b[0m\u001b[36msrc/socket/__tests__/socketHandlers.test.ts\u001b[39m\u001b[0m\u001b[2m:348:3\u001b[22m\u001b[2m\u001b[22m\n\u001b[2m      \u001b[2mat Object.<anonymous> (\u001b[22m\u001b[2m\u001b[0m\u001b[36msrc/socket/__tests__/socketHandlers.test.ts\u001b[39m\u001b[0m\u001b[2m:19:1)\u001b[22m\u001b[2m\u001b[22m\n\n\u001b[1m\u001b[31m  \u001b[1m● \u001b[22m\u001b[1mSocket Handlers › Stream Chat Handler › should use existing conversation when conversationId provided\u001b[39m\u001b[22m\n\n    thrown: \"Exceeded timeout of 30000 ms for a test.\n    Add a timeout value to this test to increase the timeout, if this is a long-running test. See https://jestjs.io/docs/api#testname-fn-timeout.\"\n\u001b[2m\u001b[22m\n\u001b[2m    \u001b[0m \u001b[90m 417 |\u001b[39m     })\u001b[33m;\u001b[39m\u001b[22m\n\u001b[2m     \u001b[90m 418 |\u001b[39m\u001b[22m\n\u001b[2m    \u001b[31m\u001b[1m>\u001b[22m\u001b[2m\u001b[39m\u001b[90m 419 |\u001b[39m     it(\u001b[32m'should use existing conversation when conversationId provided'\u001b[39m\u001b[33m,\u001b[39m \u001b[36masync\u001b[39m () \u001b[33m=>\u001b[39m {\u001b[22m\n\u001b[2m     \u001b[90m     |\u001b[39m     \u001b[31m\u001b[1m^\u001b[22m\u001b[2m\u001b[39m\u001b[22m\n\u001b[2m     \u001b[90m 420 |\u001b[39m       \u001b[36mconst\u001b[39m existingConversation \u001b[33m=\u001b[39m {\u001b[22m\n\u001b[2m     \u001b[90m 421 |\u001b[39m         id\u001b[33m:\u001b[39m \u001b[32m'existing-conv'\u001b[39m\u001b[33m,\u001b[39m\u001b[22m\n\u001b[2m     \u001b[90m 422 |\u001b[39m         title\u001b[33m:\u001b[39m \u001b[32m'Existing'\u001b[39m\u001b[33m,\u001b[39m\u001b[0m\u001b[22m\n\u001b[2m\u001b[22m\n\u001b[2m      \u001b[2mat \u001b[22m\u001b[2m\u001b[0m\u001b[36msrc/socket/__tests__/socketHandlers.test.ts\u001b[39m\u001b[0m\u001b[2m:419:5\u001b[22m\u001b[2m\u001b[22m\n\u001b[2m      \u001b[2mat \u001b[22m\u001b[2m\u001b[0m\u001b[36msrc/socket/__tests__/socketHandlers.test.ts\u001b[39m\u001b[0m\u001b[2m:348:3\u001b[22m\u001b[2m\u001b[22m\n\u001b[2m      \u001b[2mat Object.<anonymous> (\u001b[22m\u001b[2m\u001b[0m\u001b[36msrc/socket/__tests__/socketHandlers.test.ts\u001b[39m\u001b[0m\u001b[2m:19:1)\u001b[22m\u001b[2m\u001b[22m\n\n\u001b[1m\u001b[31m  \u001b[1m● \u001b[22m\u001b[1mSocket Handlers › Stream Chat Handler › should process message and emit streaming response\u001b[39m\u001b[22m\n\n    thrown: \"Exceeded timeout of 30000 ms for a test.\n    Add a timeout value to this test to increase the timeout, if this is a long-running test. See https://jestjs.io/docs/api#testname-fn-timeout.\"\n\u001b[2m\u001b[22m\n\u001b[2m    \u001b[0m \u001b[90m 437 |\u001b[39m     })\u001b[33m;\u001b[39m\u001b[22m\n\u001b[2m     \u001b[90m 438 |\u001b[39m\u001b[22m\n\u001b[2m    \u001b[31m\u001b[1m>\u001b[22m\u001b[2m\u001b[39m\u001b[90m 439 |\u001b[39m     it(\u001b[32m'should process message and emit streaming response'\u001b[39m\u001b[33m,\u001b[39m \u001b[36masync\u001b[39m () \u001b[33m=>\u001b[39m {\u001b[22m\n\u001b[2m     \u001b[90m     |\u001b[39m     \u001b[31m\u001b[1m^\u001b[22m\u001b[2m\u001b[39m\u001b[22m\n\u001b[2m     \u001b[90m 440 |\u001b[39m       \u001b[36mconst\u001b[39m data \u001b[33m=\u001b[39m { message\u001b[33m:\u001b[39m \u001b[32m'test message'\u001b[39m }\u001b[33m;\u001b[39m\u001b[22m\n\u001b[2m     \u001b[90m 441 |\u001b[39m       \u001b[22m\n\u001b[2m     \u001b[90m 442 |\u001b[39m       \u001b[36mconst\u001b[39m promise \u001b[33m=\u001b[39m streamChatHandler(data)\u001b[33m;\u001b[39m\u001b[0m\u001b[22m\n\u001b[2m\u001b[22m\n\u001b[2m      \u001b[2mat \u001b[22m\u001b[2m\u001b[0m\u001b[36msrc/socket/__tests__/socketHandlers.test.ts\u001b[39m\u001b[0m\u001b[2m:439:5\u001b[22m\u001b[2m\u001b[22m\n\u001b[2m      \u001b[2mat \u001b[22m\u001b[2m\u001b[0m\u001b[36msrc/socket/__tests__/socketHandlers.test.ts\u001b[39m\u001b[0m\u001b[2m:348:3\u001b[22m\u001b[2m\u001b[22m\n\u001b[2m      \u001b[2mat Object.<anonymous> (\u001b[22m\u001b[2m\u001b[0m\u001b[36msrc/socket/__tests__/socketHandlers.test.ts\u001b[39m\u001b[0m\u001b[2m:19:1)\u001b[22m\u001b[2m\u001b[22m\n\n\u001b[1m\u001b[31m  \u001b[1m● \u001b[22m\u001b[1mSocket Handlers › Stream Chat Handler › should handle proactive actions\u001b[39m\u001b[22m\n\n    thrown: \"Exceeded timeout of 30000 ms for a test.\n    Add a timeout value to this test to increase the timeout, if this is a long-running test. See https://jestjs.io/docs/api#testname-fn-timeout.\"\n\u001b[2m\u001b[22m\n\u001b[2m    \u001b[0m \u001b[90m 479 |\u001b[39m     })\u001b[33m;\u001b[39m\u001b[22m\n\u001b[2m     \u001b[90m 480 |\u001b[39m\u001b[22m\n\u001b[2m    \u001b[31m\u001b[1m>\u001b[22m\u001b[2m\u001b[39m\u001b[90m 481 |\u001b[39m     it(\u001b[32m'should handle proactive actions'\u001b[39m\u001b[33m,\u001b[39m \u001b[36masync\u001b[39m () \u001b[33m=>\u001b[39m {\u001b[22m\n\u001b[2m     \u001b[90m     |\u001b[39m     \u001b[31m\u001b[1m^\u001b[22m\u001b[2m\u001b[39m\u001b[22m\n\u001b[2m     \u001b[90m 482 |\u001b[39m       \u001b[36mconst\u001b[39m data \u001b[33m=\u001b[39m { message\u001b[33m:\u001b[39m \u001b[32m'test message'\u001b[39m }\u001b[33m;\u001b[39m\u001b[22m\n\u001b[2m     \u001b[90m 483 |\u001b[39m       \u001b[36mconst\u001b[39m proactiveActions \u001b[33m=\u001b[39m [\u001b[22m\n\u001b[2m     \u001b[90m 484 |\u001b[39m         {\u001b[0m\u001b[22m\n\u001b[2m\u001b[22m\n\u001b[2m      \u001b[2mat \u001b[22m\u001b[2m\u001b[0m\u001b[36msrc/socket/__tests__/socketHandlers.test.ts\u001b[39m\u001b[0m\u001b[2m:481:5\u001b[22m\u001b[2m\u001b[22m\n\u001b[2m      \u001b[2mat \u001b[22m\u001b[2m\u001b[0m\u001b[36msrc/socket/__tests__/socketHandlers.test.ts\u001b[39m\u001b[0m\u001b[2m:348:3\u001b[22m\u001b[2m\u001b[22m\n\u001b[2m      \u001b[2mat Object.<anonymous> (\u001b[22m\u001b[2m\u001b[0m\u001b[36msrc/socket/__tests__/socketHandlers.test.ts\u001b[39m\u001b[0m\u001b[2m:19:1)\u001b[22m\u001b[2m\u001b[22m\n\n\u001b[1m\u001b[31m  \u001b[1m● \u001b[22m\u001b[1mSocket Handlers › Stream Chat Handler › should track metrics during message processing\u001b[39m\u001b[22m\n\n    thrown: \"Exceeded timeout of 30000 ms for a test.\n    Add a timeout value to this test to increase the timeout, if this is a long-running test. See https://jestjs.io/docs/api#testname-fn-timeout.\"\n\u001b[2m\u001b[22m\n\u001b[2m    \u001b[0m \u001b[90m 514 |\u001b[39m     })\u001b[33m;\u001b[39m\u001b[22m\n\u001b[2m     \u001b[90m 515 |\u001b[39m\u001b[22m\n\u001b[2m    \u001b[31m\u001b[1m>\u001b[22m\u001b[2m\u001b[39m\u001b[90m 516 |\u001b[39m     it(\u001b[32m'should track metrics during message processing'\u001b[39m\u001b[33m,\u001b[39m \u001b[36masync\u001b[39m () \u001b[33m=>\u001b[39m {\u001b[22m\n\u001b[2m     \u001b[90m     |\u001b[39m     \u001b[31m\u001b[1m^\u001b[22m\u001b[2m\u001b[39m\u001b[22m\n\u001b[2m     \u001b[90m 517 |\u001b[39m       \u001b[36mconst\u001b[39m data \u001b[33m=\u001b[39m { message\u001b[33m:\u001b[39m \u001b[32m'test message'\u001b[39m }\u001b[33m;\u001b[39m\u001b[22m\n\u001b[2m     \u001b[90m 518 |\u001b[39m       \u001b[22m\n\u001b[2m     \u001b[90m 519 |\u001b[39m       \u001b[36mconst\u001b[39m promise \u001b[33m=\u001b[39m streamChatHandler(data)\u001b[33m;\u001b[39m\u001b[0m\u001b[22m\n\u001b[2m\u001b[22m\n\u001b[2m      \u001b[2mat \u001b[22m\u001b[2m\u001b[0m\u001b[36msrc/socket/__tests__/socketHandlers.test.ts\u001b[39m\u001b[0m\u001b[2m:516:5\u001b[22m\u001b[2m\u001b[22m\n\u001b[2m      \u001b[2mat \u001b[22m\u001b[2m\u001b[0m\u001b[36msrc/socket/__tests__/socketHandlers.test.ts\u001b[39m\u001b[0m\u001b[2m:348:3\u001b[22m\u001b[2m\u001b[22m\n\u001b[2m      \u001b[2mat Object.<anonymous> (\u001b[22m\u001b[2m\u001b[0m\u001b[36msrc/socket/__tests__/socketHandlers.test.ts\u001b[39m\u001b[0m\u001b[2m:19:1)\u001b[22m\u001b[2m\u001b[22m\n","name":"/Users/ianlintner/Projects/React/backend/src/socket/__tests__/socketHandlers.test.ts","startTime":1754949612850,"status":"failed","summary":""}],"wasInterrupted":false}
