{
  "numFailedTestSuites": 2,
  "numFailedTests": 3,
  "numPassedTestSuites": 15,
  "numPassedTests": 373,
  "numPendingTestSuites": 0,
  "numPendingTests": 0,
  "numRuntimeErrorTestSuites": 0,
  "numTodoTests": 0,
  "numTotalTestSuites": 17,
  "numTotalTests": 376,
  "openHandles": [],
  "snapshot": {
    "added": 0,
    "didUpdate": false,
    "failure": false,
    "filesAdded": 0,
    "filesRemoved": 0,
    "filesRemovedList": [],
    "filesUnmatched": 0,
    "filesUpdated": 0,
    "matched": 0,
    "total": 0,
    "unchecked": 0,
    "uncheckedKeysByFile": [],
    "unmatched": 0,
    "updated": 0
  },
  "startTime": 1755109081149,
  "success": false,
  "testResults": [
    {
      "assertionResults": [
        {
          "ancestorTitles": ["QueueService", "constructor"],
          "duration": 1,
          "failureDetails": [],
          "failureMessages": [],
          "fullName": "QueueService constructor should initialize with socket server and message queue",
          "invocations": 1,
          "location": null,
          "numPassingAsserts": 2,
          "retryReasons": [],
          "status": "passed",
          "title": "should initialize with socket server and message queue"
        },
        {
          "ancestorTitles": ["QueueService", "initialize"],
          "duration": 1,
          "failureDetails": [],
          "failureMessages": [],
          "fullName": "QueueService initialize should connect to message queue and setup handlers",
          "invocations": 1,
          "location": null,
          "numPassingAsserts": 8,
          "retryReasons": [],
          "status": "passed",
          "title": "should connect to message queue and setup handlers"
        },
        {
          "ancestorTitles": ["QueueService", "initialize"],
          "duration": 1,
          "failureDetails": [],
          "failureMessages": [],
          "fullName": "QueueService initialize should handle dead letter queue events",
          "invocations": 1,
          "location": null,
          "numPassingAsserts": 1,
          "retryReasons": [],
          "status": "passed",
          "title": "should handle dead letter queue events"
        },
        {
          "ancestorTitles": ["QueueService", "shutdown"],
          "duration": 1,
          "failureDetails": [],
          "failureMessages": [],
          "fullName": "QueueService shutdown should disconnect from message queue",
          "invocations": 1,
          "location": null,
          "numPassingAsserts": 2,
          "retryReasons": [],
          "status": "passed",
          "title": "should disconnect from message queue"
        },
        {
          "ancestorTitles": ["QueueService", "queue handlers"],
          "duration": 1,
          "failureDetails": [],
          "failureMessages": [],
          "fullName": "QueueService queue handlers should handle chat messages",
          "invocations": 1,
          "location": null,
          "numPassingAsserts": 2,
          "retryReasons": [],
          "status": "passed",
          "title": "should handle chat messages"
        },
        {
          "ancestorTitles": ["QueueService", "queue handlers"],
          "duration": 0,
          "failureDetails": [],
          "failureMessages": [],
          "fullName": "QueueService queue handlers should handle agent responses",
          "invocations": 1,
          "location": null,
          "numPassingAsserts": 2,
          "retryReasons": [],
          "status": "passed",
          "title": "should handle agent responses"
        },
        {
          "ancestorTitles": ["QueueService", "queue handlers"],
          "duration": 1,
          "failureDetails": [],
          "failureMessages": [],
          "fullName": "QueueService queue handlers should handle proactive actions",
          "invocations": 1,
          "location": null,
          "numPassingAsserts": 2,
          "retryReasons": [],
          "status": "passed",
          "title": "should handle proactive actions"
        },
        {
          "ancestorTitles": ["QueueService", "queue handlers"],
          "duration": 1,
          "failureDetails": [],
          "failureMessages": [],
          "fullName": "QueueService queue handlers should handle stream chunks",
          "invocations": 1,
          "location": null,
          "numPassingAsserts": 2,
          "retryReasons": [],
          "status": "passed",
          "title": "should handle stream chunks"
        },
        {
          "ancestorTitles": ["QueueService", "enqueue methods", "enqueueChatMessage"],
          "duration": 1,
          "failureDetails": [],
          "failureMessages": [],
          "fullName": "QueueService enqueue methods enqueueChatMessage should enqueue chat message with default priority",
          "invocations": 1,
          "location": null,
          "numPassingAsserts": 3,
          "retryReasons": [],
          "status": "passed",
          "title": "should enqueue chat message with default priority"
        },
        {
          "ancestorTitles": ["QueueService", "enqueue methods", "enqueueChatMessage"],
          "duration": 1,
          "failureDetails": [],
          "failureMessages": [],
          "fullName": "QueueService enqueue methods enqueueChatMessage should enqueue chat message with custom priority and force agent",
          "invocations": 1,
          "location": null,
          "numPassingAsserts": 1,
          "retryReasons": [],
          "status": "passed",
          "title": "should enqueue chat message with custom priority and force agent"
        },
        {
          "ancestorTitles": ["QueueService", "enqueue methods", "enqueueAgentResponse"],
          "duration": 1,
          "failureDetails": [],
          "failureMessages": [],
          "fullName": "QueueService enqueue methods enqueueAgentResponse should enqueue agent response with higher default priority",
          "invocations": 1,
          "location": null,
          "numPassingAsserts": 2,
          "retryReasons": [],
          "status": "passed",
          "title": "should enqueue agent response with higher default priority"
        },
        {
          "ancestorTitles": ["QueueService", "enqueue methods", "enqueueAgentResponse"],
          "duration": 1,
          "failureDetails": [],
          "failureMessages": [],
          "fullName": "QueueService enqueue methods enqueueAgentResponse should enqueue agent response with custom priority",
          "invocations": 1,
          "location": null,
          "numPassingAsserts": 1,
          "retryReasons": [],
          "status": "passed",
          "title": "should enqueue agent response with custom priority"
        },
        {
          "ancestorTitles": ["QueueService", "enqueue methods", "enqueueProactiveAction"],
          "duration": 9,
          "failureDetails": [],
          "failureMessages": [],
          "fullName": "QueueService enqueue methods enqueueProactiveAction should enqueue immediate proactive action",
          "invocations": 1,
          "location": null,
          "numPassingAsserts": 2,
          "retryReasons": [],
          "status": "passed",
          "title": "should enqueue immediate proactive action"
        },
        {
          "ancestorTitles": ["QueueService", "enqueue methods", "enqueueProactiveAction"],
          "duration": 1,
          "failureDetails": [],
          "failureMessages": [],
          "fullName": "QueueService enqueue methods enqueueProactiveAction should enqueue delayed proactive action",
          "invocations": 1,
          "location": null,
          "numPassingAsserts": 1,
          "retryReasons": [],
          "status": "passed",
          "title": "should enqueue delayed proactive action"
        },
        {
          "ancestorTitles": ["QueueService", "enqueue methods", "enqueueStreamChunk"],
          "duration": 0,
          "failureDetails": [],
          "failureMessages": [],
          "fullName": "QueueService enqueue methods enqueueStreamChunk should enqueue stream chunk with high priority",
          "invocations": 1,
          "location": null,
          "numPassingAsserts": 2,
          "retryReasons": [],
          "status": "passed",
          "title": "should enqueue stream chunk with high priority"
        },
        {
          "ancestorTitles": ["QueueService", "enqueue methods", "enqueueStreamChunk"],
          "duration": 1,
          "failureDetails": [],
          "failureMessages": [],
          "fullName": "QueueService enqueue methods enqueueStreamChunk should enqueue stream chunk with custom priority",
          "invocations": 1,
          "location": null,
          "numPassingAsserts": 1,
          "retryReasons": [],
          "status": "passed",
          "title": "should enqueue stream chunk with custom priority"
        },
        {
          "ancestorTitles": ["QueueService", "queue management methods", "getQueueStats"],
          "duration": 1,
          "failureDetails": [],
          "failureMessages": [],
          "fullName": "QueueService queue management methods getQueueStats should return stats for all queues when no queue name provided",
          "invocations": 1,
          "location": null,
          "numPassingAsserts": 2,
          "retryReasons": [],
          "status": "passed",
          "title": "should return stats for all queues when no queue name provided"
        },
        {
          "ancestorTitles": ["QueueService", "queue management methods", "getQueueStats"],
          "duration": 0,
          "failureDetails": [],
          "failureMessages": [],
          "fullName": "QueueService queue management methods getQueueStats should return stats for specific queue when queue name provided",
          "invocations": 1,
          "location": null,
          "numPassingAsserts": 2,
          "retryReasons": [],
          "status": "passed",
          "title": "should return stats for specific queue when queue name provided"
        },
        {
          "ancestorTitles": ["QueueService", "queue management methods", "getQueueSize"],
          "duration": 1,
          "failureDetails": [],
          "failureMessages": [],
          "fullName": "QueueService queue management methods getQueueSize should return queue size",
          "invocations": 1,
          "location": null,
          "numPassingAsserts": 2,
          "retryReasons": [],
          "status": "passed",
          "title": "should return queue size"
        },
        {
          "ancestorTitles": ["QueueService", "queue management methods", "purgeQueue"],
          "duration": 1,
          "failureDetails": [],
          "failureMessages": [],
          "fullName": "QueueService queue management methods purgeQueue should purge queue and log message",
          "invocations": 1,
          "location": null,
          "numPassingAsserts": 2,
          "retryReasons": [],
          "status": "passed",
          "title": "should purge queue and log message"
        },
        {
          "ancestorTitles": ["QueueService", "queue management methods", "isHealthy"],
          "duration": 0,
          "failureDetails": [],
          "failureMessages": [],
          "fullName": "QueueService queue management methods isHealthy should return health status",
          "invocations": 1,
          "location": null,
          "numPassingAsserts": 2,
          "retryReasons": [],
          "status": "passed",
          "title": "should return health status"
        },
        {
          "ancestorTitles": ["QueueService", "demonstrateQueueFeatures"],
          "duration": 1,
          "failureDetails": [],
          "failureMessages": [],
          "fullName": "QueueService demonstrateQueueFeatures should enqueue demo messages with different priorities",
          "invocations": 1,
          "location": null,
          "numPassingAsserts": 3,
          "retryReasons": [],
          "status": "passed",
          "title": "should enqueue demo messages with different priorities"
        },
        {
          "ancestorTitles": ["QueueService", "getProviderType"],
          "duration": 0,
          "failureDetails": [],
          "failureMessages": [],
          "fullName": "QueueService getProviderType should return provider type from message queue",
          "invocations": 1,
          "location": null,
          "numPassingAsserts": 2,
          "retryReasons": [],
          "status": "passed",
          "title": "should return provider type from message queue"
        },
        {
          "ancestorTitles": ["QueueService", "switchProvider"],
          "duration": 2,
          "failureDetails": [
            {
              "matcherResult": {
                "message": "\u001b[2mexpect(\u001b[22m\u001b[31mjest.fn()\u001b[39m\u001b[2m).\u001b[22mtoHaveBeenCalledWith\u001b[2m(\u001b[22m\u001b[32m...expected\u001b[39m\u001b[2m)\u001b[22m\n\nExpected: \u001b[32m\"🔄 Switching from memory to redis\"\u001b[39m\nReceived\n       1: \u001b[31m\"📨 Queue Service initialized with provider:\"\u001b[39m, \u001b[31m\"redis\"\u001b[39m\n       2: \u001b[31m\"📨 Queue handlers set up for all queues\"\u001b[39m\n       3: \u001b[31m\"🔄 Switching from redis to redis\"\u001b[39m\n\nNumber of calls: \u001b[31m5\u001b[39m",
                "pass": false
              }
            }
          ],
          "failureMessages": [
            "Error: \u001b[2mexpect(\u001b[22m\u001b[31mjest.fn()\u001b[39m\u001b[2m).\u001b[22mtoHaveBeenCalledWith\u001b[2m(\u001b[22m\u001b[32m...expected\u001b[39m\u001b[2m)\u001b[22m\n\nExpected: \u001b[32m\"🔄 Switching from memory to redis\"\u001b[39m\nReceived\n       1: \u001b[31m\"📨 Queue Service initialized with provider:\"\u001b[39m, \u001b[31m\"redis\"\u001b[39m\n       2: \u001b[31m\"📨 Queue handlers set up for all queues\"\u001b[39m\n       3: \u001b[31m\"🔄 Switching from redis to redis\"\u001b[39m\n\nNumber of calls: \u001b[31m5\u001b[39m\n    at Object.<anonymous> (/Users/ianlintner/Projects/React/backend/src/messageQueue/__tests__/queueService.test.ts:565:26)"
          ],
          "fullName": "QueueService switchProvider should switch from memory to redis provider",
          "invocations": 1,
          "location": null,
          "numPassingAsserts": 3,
          "retryReasons": [],
          "status": "failed",
          "title": "should switch from memory to redis provider"
        },
        {
          "ancestorTitles": ["QueueService", "switchProvider"],
          "duration": 0,
          "failureDetails": [],
          "failureMessages": [],
          "fullName": "QueueService switchProvider should switch to memory provider without redis URL",
          "invocations": 1,
          "location": null,
          "numPassingAsserts": 1,
          "retryReasons": [],
          "status": "passed",
          "title": "should switch to memory provider without redis URL"
        },
        {
          "ancestorTitles": ["QueueService singleton functions", "createQueueService"],
          "duration": 1,
          "failureDetails": [],
          "failureMessages": [],
          "fullName": "QueueService singleton functions createQueueService should create new instance if none exists",
          "invocations": 1,
          "location": null,
          "numPassingAsserts": 1,
          "retryReasons": [],
          "status": "passed",
          "title": "should create new instance if none exists"
        },
        {
          "ancestorTitles": ["QueueService singleton functions", "createQueueService"],
          "duration": 0,
          "failureDetails": [],
          "failureMessages": [],
          "fullName": "QueueService singleton functions createQueueService should return existing instance if already created",
          "invocations": 1,
          "location": null,
          "numPassingAsserts": 1,
          "retryReasons": [],
          "status": "passed",
          "title": "should return existing instance if already created"
        },
        {
          "ancestorTitles": ["QueueService singleton functions", "getQueueService"],
          "duration": 0,
          "failureDetails": [
            {
              "matcherResult": {
                "message": "\u001b[2mexpect(\u001b[22m\u001b[31mreceived\u001b[39m\u001b[2m).\u001b[22mtoBeNull\u001b[2m()\u001b[22m\n\nReceived: \u001b[31m{\"io\": {\"emit\": [Function mockConstructor], \"to\": [Function mockConstructor]}, \"messageQueue\": {\"connect\": [Function mockConstructor], \"createMessage\": [Function mockConstructor], \"disconnect\": [Function mockConstructor], \"enqueue\": [Function mockConstructor], \"getProviderType\": [Function mockConstructor], \"getQueueSize\": [Function mockConstructor], \"getStats\": [Function mockConstructor], \"isHealthy\": [Function mockConstructor], \"on\": [Function mockConstructor], \"purgeQueue\": [Function mockConstructor], \"subscribe\": [Function mockConstructor]}}\u001b[39m",
                "pass": false
              }
            }
          ],
          "failureMessages": [
            "Error: \u001b[2mexpect(\u001b[22m\u001b[31mreceived\u001b[39m\u001b[2m).\u001b[22mtoBeNull\u001b[2m()\u001b[22m\n\nReceived: \u001b[31m{\"io\": {\"emit\": [Function mockConstructor], \"to\": [Function mockConstructor]}, \"messageQueue\": {\"connect\": [Function mockConstructor], \"createMessage\": [Function mockConstructor], \"disconnect\": [Function mockConstructor], \"enqueue\": [Function mockConstructor], \"getProviderType\": [Function mockConstructor], \"getQueueSize\": [Function mockConstructor], \"getStats\": [Function mockConstructor], \"isHealthy\": [Function mockConstructor], \"on\": [Function mockConstructor], \"purgeQueue\": [Function mockConstructor], \"subscribe\": [Function mockConstructor]}}\u001b[39m\n    at Object.<anonymous> (/Users/ianlintner/Projects/React/backend/src/messageQueue/__tests__/queueService.test.ts:613:33)\n    at Promise.then.completed (/Users/ianlintner/Projects/React/backend/node_modules/jest-circus/build/utils.js:298:28)\n    at new Promise (<anonymous>)\n    at callAsyncCircusFn (/Users/ianlintner/Projects/React/backend/node_modules/jest-circus/build/utils.js:231:10)\n    at _callCircusTest (/Users/ianlintner/Projects/React/backend/node_modules/jest-circus/build/run.js:316:40)\n    at _runTest (/Users/ianlintner/Projects/React/backend/node_modules/jest-circus/build/run.js:252:3)\n    at _runTestsForDescribeBlock (/Users/ianlintner/Projects/React/backend/node_modules/jest-circus/build/run.js:126:9)\n    at _runTestsForDescribeBlock (/Users/ianlintner/Projects/React/backend/node_modules/jest-circus/build/run.js:121:9)\n    at _runTestsForDescribeBlock (/Users/ianlintner/Projects/React/backend/node_modules/jest-circus/build/run.js:121:9)\n    at run (/Users/ianlintner/Projects/React/backend/node_modules/jest-circus/build/run.js:71:3)\n    at runAndTransformResultsToJestFormat (/Users/ianlintner/Projects/React/backend/node_modules/jest-circus/build/legacy-code-todo-rewrite/jestAdapterInit.js:122:21)\n    at jestAdapter (/Users/ianlintner/Projects/React/backend/node_modules/jest-circus/build/legacy-code-todo-rewrite/jestAdapter.js:79:19)\n    at runTestInternal (/Users/ianlintner/Projects/React/backend/node_modules/jest-runner/build/runTest.js:367:16)\n    at runTest (/Users/ianlintner/Projects/React/backend/node_modules/jest-runner/build/runTest.js:444:34)"
          ],
          "fullName": "QueueService singleton functions getQueueService should return null if no instance exists",
          "invocations": 1,
          "location": null,
          "numPassingAsserts": 0,
          "retryReasons": [],
          "status": "failed",
          "title": "should return null if no instance exists"
        },
        {
          "ancestorTitles": ["QueueService singleton functions", "getQueueService"],
          "duration": 0,
          "failureDetails": [],
          "failureMessages": [],
          "fullName": "QueueService singleton functions getQueueService should return existing instance if created",
          "invocations": 1,
          "location": null,
          "numPassingAsserts": 1,
          "retryReasons": [],
          "status": "passed",
          "title": "should return existing instance if created"
        }
      ],
      "endTime": 1755109082435,
      "message": "\u001b[1m\u001b[31m  \u001b[1m● \u001b[22m\u001b[1mQueueService › switchProvider › should switch from memory to redis provider\u001b[39m\u001b[22m\n\n    \u001b[2mexpect(\u001b[22m\u001b[31mjest.fn()\u001b[39m\u001b[2m).\u001b[22mtoHaveBeenCalledWith\u001b[2m(\u001b[22m\u001b[32m...expected\u001b[39m\u001b[2m)\u001b[22m\n\n    Expected: \u001b[32m\"🔄 Switching from memory to redis\"\u001b[39m\n    Received\n           1: \u001b[31m\"📨 Queue Service initialized with provider:\"\u001b[39m, \u001b[31m\"redis\"\u001b[39m\n           2: \u001b[31m\"📨 Queue handlers set up for all queues\"\u001b[39m\n           3: \u001b[31m\"🔄 Switching from redis to redis\"\u001b[39m\n\n    Number of calls: \u001b[31m5\u001b[39m\n\u001b[2m\u001b[22m\n\u001b[2m    \u001b[0m \u001b[90m 563 |\u001b[39m       })\u001b[33m;\u001b[39m\u001b[22m\n\u001b[2m     \u001b[90m 564 |\u001b[39m       expect(newMockQueue\u001b[33m.\u001b[39mconnect)\u001b[33m.\u001b[39mtoHaveBeenCalled()\u001b[33m;\u001b[39m\u001b[22m\n\u001b[2m    \u001b[31m\u001b[1m>\u001b[22m\u001b[2m\u001b[39m\u001b[90m 565 |\u001b[39m       expect(consoleSpy)\u001b[33m.\u001b[39mtoHaveBeenCalledWith(\u001b[32m'🔄 Switching from memory to redis'\u001b[39m)\u001b[33m;\u001b[39m\u001b[22m\n\u001b[2m     \u001b[90m     |\u001b[39m                          \u001b[31m\u001b[1m^\u001b[22m\u001b[2m\u001b[39m\u001b[22m\n\u001b[2m     \u001b[90m 566 |\u001b[39m       expect(consoleSpy)\u001b[33m.\u001b[39mtoHaveBeenCalledWith(\u001b[32m'✅ Successfully switched to redis provider'\u001b[39m)\u001b[33m;\u001b[39m\u001b[22m\n\u001b[2m     \u001b[90m 567 |\u001b[39m     })\u001b[33m;\u001b[39m\u001b[22m\n\u001b[2m     \u001b[90m 568 |\u001b[39m\u001b[0m\u001b[22m\n\u001b[2m\u001b[22m\n\u001b[2m      \u001b[2mat Object.<anonymous> (\u001b[22m\u001b[2m\u001b[0m\u001b[36msrc/messageQueue/__tests__/queueService.test.ts\u001b[39m\u001b[0m\u001b[2m:565:26)\u001b[22m\u001b[2m\u001b[22m\n\n\u001b[1m\u001b[31m  \u001b[1m● \u001b[22m\u001b[1mQueueService singleton functions › getQueueService › should return null if no instance exists\u001b[39m\u001b[22m\n\n    \u001b[2mexpect(\u001b[22m\u001b[31mreceived\u001b[39m\u001b[2m).\u001b[22mtoBeNull\u001b[2m()\u001b[22m\n\n    Received: \u001b[31m{\"io\": {\"emit\": [Function mockConstructor], \"to\": [Function mockConstructor]}, \"messageQueue\": {\"connect\": [Function mockConstructor], \"createMessage\": [Function mockConstructor], \"disconnect\": [Function mockConstructor], \"enqueue\": [Function mockConstructor], \"getProviderType\": [Function mockConstructor], \"getQueueSize\": [Function mockConstructor], \"getStats\": [Function mockConstructor], \"isHealthy\": [Function mockConstructor], \"on\": [Function mockConstructor], \"purgeQueue\": [Function mockConstructor], \"subscribe\": [Function mockConstructor]}}\u001b[39m\n\u001b[2m\u001b[22m\n\u001b[2m    \u001b[0m \u001b[90m 611 |\u001b[39m   describe(\u001b[32m'getQueueService'\u001b[39m\u001b[33m,\u001b[39m () \u001b[33m=>\u001b[39m {\u001b[22m\n\u001b[2m     \u001b[90m 612 |\u001b[39m     it(\u001b[32m'should return null if no instance exists'\u001b[39m\u001b[33m,\u001b[39m () \u001b[33m=>\u001b[39m {\u001b[22m\n\u001b[2m    \u001b[31m\u001b[1m>\u001b[22m\u001b[2m\u001b[39m\u001b[90m 613 |\u001b[39m       expect(getQueueService())\u001b[33m.\u001b[39mtoBeNull()\u001b[33m;\u001b[39m\u001b[22m\n\u001b[2m     \u001b[90m     |\u001b[39m                                 \u001b[31m\u001b[1m^\u001b[22m\u001b[2m\u001b[39m\u001b[22m\n\u001b[2m     \u001b[90m 614 |\u001b[39m     })\u001b[33m;\u001b[39m\u001b[22m\n\u001b[2m     \u001b[90m 615 |\u001b[39m\u001b[22m\n\u001b[2m     \u001b[90m 616 |\u001b[39m     it(\u001b[32m'should return existing instance if created'\u001b[39m\u001b[33m,\u001b[39m () \u001b[33m=>\u001b[39m {\u001b[0m\u001b[22m\n\u001b[2m\u001b[22m\n\u001b[2m      \u001b[2mat Object.<anonymous> (\u001b[22m\u001b[2m\u001b[0m\u001b[36msrc/messageQueue/__tests__/queueService.test.ts\u001b[39m\u001b[0m\u001b[2m:613:33)\u001b[22m\u001b[2m\u001b[22m\n",
      "name": "/Users/ianlintner/Projects/React/backend/src/messageQueue/__tests__/queueService.test.ts",
      "startTime": 1755109081304,
      "status": "failed",
      "summary": ""
    },
    {
      "assertionResults": [
        {
          "ancestorTitles": ["Agent Flow Integration Tests", "Complete Agent Processing Flow"],
          "duration": 17,
          "failureDetails": [],
          "failureMessages": [],
          "fullName": "Agent Flow Integration Tests Complete Agent Processing Flow should handle joke request end-to-end",
          "invocations": 1,
          "location": null,
          "numPassingAsserts": 6,
          "retryReasons": [],
          "status": "passed",
          "title": "should handle joke request end-to-end"
        },
        {
          "ancestorTitles": ["Agent Flow Integration Tests", "Complete Agent Processing Flow"],
          "duration": 8,
          "failureDetails": [],
          "failureMessages": [],
          "fullName": "Agent Flow Integration Tests Complete Agent Processing Flow should handle technical question end-to-end",
          "invocations": 1,
          "location": null,
          "numPassingAsserts": 3,
          "retryReasons": [],
          "status": "passed",
          "title": "should handle technical question end-to-end"
        },
        {
          "ancestorTitles": ["Agent Flow Integration Tests", "Complete Agent Processing Flow"],
          "duration": 2,
          "failureDetails": [],
          "failureMessages": [],
          "fullName": "Agent Flow Integration Tests Complete Agent Processing Flow should handle trivia request end-to-end",
          "invocations": 1,
          "location": null,
          "numPassingAsserts": 4,
          "retryReasons": [],
          "status": "passed",
          "title": "should handle trivia request end-to-end"
        },
        {
          "ancestorTitles": ["Agent Flow Integration Tests", "Complete Agent Processing Flow"],
          "duration": 2,
          "failureDetails": [],
          "failureMessages": [],
          "fullName": "Agent Flow Integration Tests Complete Agent Processing Flow should handle GIF request end-to-end",
          "invocations": 1,
          "location": null,
          "numPassingAsserts": 4,
          "retryReasons": [],
          "status": "passed",
          "title": "should handle GIF request end-to-end"
        },
        {
          "ancestorTitles": ["Agent Flow Integration Tests", "Conversation Context Integration"],
          "duration": 1,
          "failureDetails": [],
          "failureMessages": [],
          "fullName": "Agent Flow Integration Tests Conversation Context Integration should initialize and maintain conversation context",
          "invocations": 1,
          "location": null,
          "numPassingAsserts": 6,
          "retryReasons": [],
          "status": "passed",
          "title": "should initialize and maintain conversation context"
        },
        {
          "ancestorTitles": ["Agent Flow Integration Tests", "Conversation Context Integration"],
          "duration": 1,
          "failureDetails": [],
          "failureMessages": [],
          "fullName": "Agent Flow Integration Tests Conversation Context Integration should handle agent handoffs properly",
          "invocations": 1,
          "location": null,
          "numPassingAsserts": 3,
          "retryReasons": [],
          "status": "passed",
          "title": "should handle agent handoffs properly"
        },
        {
          "ancestorTitles": ["Agent Flow Integration Tests", "Conversation Context Integration"],
          "duration": 0,
          "failureDetails": [],
          "failureMessages": [],
          "fullName": "Agent Flow Integration Tests Conversation Context Integration should track conversation satisfaction and performance",
          "invocations": 1,
          "location": null,
          "numPassingAsserts": 2,
          "retryReasons": [],
          "status": "passed",
          "title": "should track conversation satisfaction and performance"
        },
        {
          "ancestorTitles": ["Agent Flow Integration Tests", "RAG Integration with Classification"],
          "duration": 5,
          "failureDetails": [
            {
              "matcherResult": {
                "actual": "general",
                "expected": "trivia",
                "message": "\u001b[2mexpect(\u001b[22m\u001b[31mreceived\u001b[39m\u001b[2m).\u001b[22mtoBe\u001b[2m(\u001b[22m\u001b[32mexpected\u001b[39m\u001b[2m) // Object.is equality\u001b[22m\n\nExpected: \u001b[32m\"trivia\"\u001b[39m\nReceived: \u001b[31m\"general\"\u001b[39m",
                "name": "toBe",
                "pass": false
              }
            }
          ],
          "failureMessages": [
            "Error: \u001b[2mexpect(\u001b[22m\u001b[31mreceived\u001b[39m\u001b[2m).\u001b[22mtoBe\u001b[2m(\u001b[22m\u001b[32mexpected\u001b[39m\u001b[2m) // Object.is equality\u001b[22m\n\nExpected: \u001b[32m\"trivia\"\u001b[39m\nReceived: \u001b[31m\"general\"\u001b[39m\n    at Object.<anonymous> (/Users/ianlintner/Projects/React/backend/src/__tests__/integration/agentFlow.integration.test.ts:264:42)"
          ],
          "fullName": "Agent Flow Integration Tests RAG Integration with Classification should return relevant content based on classification",
          "invocations": 1,
          "location": null,
          "numPassingAsserts": 4,
          "retryReasons": [],
          "status": "failed",
          "title": "should return relevant content based on classification"
        },
        {
          "ancestorTitles": ["Agent Flow Integration Tests", "RAG Integration with Classification"],
          "duration": 1,
          "failureDetails": [],
          "failureMessages": [],
          "fullName": "Agent Flow Integration Tests RAG Integration with Classification should handle fallback when no specific content found",
          "invocations": 1,
          "location": null,
          "numPassingAsserts": 2,
          "retryReasons": [],
          "status": "passed",
          "title": "should handle fallback when no specific content found"
        },
        {
          "ancestorTitles": ["Agent Flow Integration Tests", "Error Handling Integration"],
          "duration": 1,
          "failureDetails": [],
          "failureMessages": [],
          "fullName": "Agent Flow Integration Tests Error Handling Integration should gracefully handle invalid agent types",
          "invocations": 1,
          "location": null,
          "numPassingAsserts": 3,
          "retryReasons": [],
          "status": "passed",
          "title": "should gracefully handle invalid agent types"
        },
        {
          "ancestorTitles": ["Agent Flow Integration Tests", "Error Handling Integration"],
          "duration": 2,
          "failureDetails": [],
          "failureMessages": [],
          "fullName": "Agent Flow Integration Tests Error Handling Integration should handle empty or invalid messages",
          "invocations": 1,
          "location": null,
          "numPassingAsserts": 4,
          "retryReasons": [],
          "status": "passed",
          "title": "should handle empty or invalid messages"
        },
        {
          "ancestorTitles": ["Agent Flow Integration Tests", "Error Handling Integration"],
          "duration": 1,
          "failureDetails": [],
          "failureMessages": [],
          "fullName": "Agent Flow Integration Tests Error Handling Integration should handle conversation management errors gracefully",
          "invocations": 1,
          "location": null,
          "numPassingAsserts": 3,
          "retryReasons": [],
          "status": "passed",
          "title": "should handle conversation management errors gracefully"
        },
        {
          "ancestorTitles": ["Agent Flow Integration Tests", "Goal-Seeking System Integration"],
          "duration": 4,
          "failureDetails": [],
          "failureMessages": [],
          "fullName": "Agent Flow Integration Tests Goal-Seeking System Integration should process messages with goal-seeking system",
          "invocations": 1,
          "location": null,
          "numPassingAsserts": 3,
          "retryReasons": [],
          "status": "passed",
          "title": "should process messages with goal-seeking system"
        },
        {
          "ancestorTitles": ["Agent Flow Integration Tests", "Goal-Seeking System Integration"],
          "duration": 1,
          "failureDetails": [],
          "failureMessages": [],
          "fullName": "Agent Flow Integration Tests Goal-Seeking System Integration should combine both systems properly",
          "invocations": 1,
          "location": null,
          "numPassingAsserts": 4,
          "retryReasons": [],
          "status": "passed",
          "title": "should combine both systems properly"
        }
      ],
      "endTime": 1755109082547,
      "message": "\u001b[1m\u001b[31m  \u001b[1m● \u001b[22m\u001b[1mAgent Flow Integration Tests › RAG Integration with Classification › should return relevant content based on classification\u001b[39m\u001b[22m\n\n    \u001b[2mexpect(\u001b[22m\u001b[31mreceived\u001b[39m\u001b[2m).\u001b[22mtoBe\u001b[2m(\u001b[22m\u001b[32mexpected\u001b[39m\u001b[2m) // Object.is equality\u001b[22m\n\n    Expected: \u001b[32m\"trivia\"\u001b[39m\n    Received: \u001b[31m\"general\"\u001b[39m\n\u001b[2m\u001b[22m\n\u001b[2m    \u001b[0m \u001b[90m 262 |\u001b[39m         \u001b[90m// Classify message\u001b[39m\u001b[22m\n\u001b[2m     \u001b[90m 263 |\u001b[39m         \u001b[36mconst\u001b[39m classification \u001b[33m=\u001b[39m \u001b[36mawait\u001b[39m classifyMessage(testCase\u001b[33m.\u001b[39mmessage)\u001b[33m;\u001b[39m\u001b[22m\n\u001b[2m    \u001b[31m\u001b[1m>\u001b[22m\u001b[2m\u001b[39m\u001b[90m 264 |\u001b[39m         expect(classification\u001b[33m.\u001b[39magentType)\u001b[33m.\u001b[39mtoBe(testCase\u001b[33m.\u001b[39mexpectedAgent)\u001b[33m;\u001b[39m\u001b[22m\n\u001b[2m     \u001b[90m     |\u001b[39m                                          \u001b[31m\u001b[1m^\u001b[22m\u001b[2m\u001b[39m\u001b[22m\n\u001b[2m     \u001b[90m 265 |\u001b[39m\u001b[22m\n\u001b[2m     \u001b[90m 266 |\u001b[39m         \u001b[90m// Get RAG content\u001b[39m\u001b[22m\n\u001b[2m     \u001b[90m 267 |\u001b[39m         \u001b[36mconst\u001b[39m ragContent \u001b[33m=\u001b[39m ragService\u001b[33m.\u001b[39msearchForAgent(\u001b[0m\u001b[22m\n\u001b[2m\u001b[22m\n\u001b[2m      \u001b[2mat Object.<anonymous> (\u001b[22m\u001b[2m\u001b[0m\u001b[36msrc/__tests__/integration/agentFlow.integration.test.ts\u001b[39m\u001b[0m\u001b[2m:264:42)\u001b[22m\u001b[2m\u001b[22m\n",
      "name": "/Users/ianlintner/Projects/React/backend/src/__tests__/integration/agentFlow.integration.test.ts",
      "startTime": 1755109082439,
      "status": "failed",
      "summary": ""
    },
    {
      "assertionResults": [
        {
          "ancestorTitles": ["Message Queue System", "Basic Queue Operations"],
          "duration": 1,
          "failureDetails": [],
          "failureMessages": [],
          "fullName": "Message Queue System Basic Queue Operations should enqueue and dequeue messages",
          "invocations": 1,
          "location": null,
          "numPassingAsserts": 3,
          "retryReasons": [],
          "status": "passed",
          "title": "should enqueue and dequeue messages"
        },
        {
          "ancestorTitles": ["Message Queue System", "Basic Queue Operations"],
          "duration": 1,
          "failureDetails": [],
          "failureMessages": [],
          "fullName": "Message Queue System Basic Queue Operations should handle priority ordering",
          "invocations": 1,
          "location": null,
          "numPassingAsserts": 3,
          "retryReasons": [],
          "status": "passed",
          "title": "should handle priority ordering"
        },
        {
          "ancestorTitles": ["Message Queue System", "Basic Queue Operations"],
          "duration": 1,
          "failureDetails": [],
          "failureMessages": [],
          "fullName": "Message Queue System Basic Queue Operations should peek at messages without removing them",
          "invocations": 1,
          "location": null,
          "numPassingAsserts": 2,
          "retryReasons": [],
          "status": "passed",
          "title": "should peek at messages without removing them"
        },
        {
          "ancestorTitles": ["Message Queue System", "Basic Queue Operations"],
          "duration": 0,
          "failureDetails": [],
          "failureMessages": [],
          "fullName": "Message Queue System Basic Queue Operations should handle empty queue operations",
          "invocations": 1,
          "location": null,
          "numPassingAsserts": 3,
          "retryReasons": [],
          "status": "passed",
          "title": "should handle empty queue operations"
        },
        {
          "ancestorTitles": ["Message Queue System", "Message Processing"],
          "duration": 104,
          "failureDetails": [],
          "failureMessages": [],
          "fullName": "Message Queue System Message Processing should process messages with subscribers",
          "invocations": 1,
          "location": null,
          "numPassingAsserts": 2,
          "retryReasons": [],
          "status": "passed",
          "title": "should process messages with subscribers"
        },
        {
          "ancestorTitles": ["Message Queue System", "Message Processing"],
          "duration": 102,
          "failureDetails": [],
          "failureMessages": [],
          "fullName": "Message Queue System Message Processing should handle multiple subscribers",
          "invocations": 1,
          "location": null,
          "numPassingAsserts": 2,
          "retryReasons": [],
          "status": "passed",
          "title": "should handle multiple subscribers"
        },
        {
          "ancestorTitles": ["Message Queue System", "Error Handling and Retries"],
          "duration": 5003,
          "failureDetails": [],
          "failureMessages": [],
          "fullName": "Message Queue System Error Handling and Retries should retry failed messages",
          "invocations": 1,
          "location": null,
          "numPassingAsserts": 1,
          "retryReasons": [],
          "status": "passed",
          "title": "should retry failed messages"
        },
        {
          "ancestorTitles": ["Message Queue System", "Error Handling and Retries"],
          "duration": 8004,
          "failureDetails": [],
          "failureMessages": [],
          "fullName": "Message Queue System Error Handling and Retries should emit dead letter events for permanently failed messages",
          "invocations": 1,
          "location": null,
          "numPassingAsserts": 2,
          "retryReasons": [],
          "status": "passed",
          "title": "should emit dead letter events for permanently failed messages"
        },
        {
          "ancestorTitles": ["Message Queue System", "Queue Management"],
          "duration": 1,
          "failureDetails": [],
          "failureMessages": [],
          "fullName": "Message Queue System Queue Management should get queue statistics",
          "invocations": 1,
          "location": null,
          "numPassingAsserts": 3,
          "retryReasons": [],
          "status": "passed",
          "title": "should get queue statistics"
        },
        {
          "ancestorTitles": ["Message Queue System", "Queue Management"],
          "duration": 0,
          "failureDetails": [],
          "failureMessages": [],
          "fullName": "Message Queue System Queue Management should purge queues",
          "invocations": 1,
          "location": null,
          "numPassingAsserts": 2,
          "retryReasons": [],
          "status": "passed",
          "title": "should purge queues"
        },
        {
          "ancestorTitles": ["Message Queue System", "Queue Management"],
          "duration": 0,
          "failureDetails": [],
          "failureMessages": [],
          "fullName": "Message Queue System Queue Management should delete queues",
          "invocations": 1,
          "location": null,
          "numPassingAsserts": 2,
          "retryReasons": [],
          "status": "passed",
          "title": "should delete queues"
        },
        {
          "ancestorTitles": ["Message Queue System", "Health and Connection"],
          "duration": 0,
          "failureDetails": [],
          "failureMessages": [],
          "fullName": "Message Queue System Health and Connection should report healthy when connected",
          "invocations": 1,
          "location": null,
          "numPassingAsserts": 1,
          "retryReasons": [],
          "status": "passed",
          "title": "should report healthy when connected"
        },
        {
          "ancestorTitles": ["Message Queue System", "Health and Connection"],
          "duration": 1,
          "failureDetails": [],
          "failureMessages": [],
          "fullName": "Message Queue System Health and Connection should report unhealthy when disconnected",
          "invocations": 1,
          "location": null,
          "numPassingAsserts": 1,
          "retryReasons": [],
          "status": "passed",
          "title": "should report unhealthy when disconnected"
        },
        {
          "ancestorTitles": ["Message Queue System", "Delayed Messages"],
          "duration": 1502,
          "failureDetails": [],
          "failureMessages": [],
          "fullName": "Message Queue System Delayed Messages should process delayed messages after delay",
          "invocations": 1,
          "location": null,
          "numPassingAsserts": 3,
          "retryReasons": [],
          "status": "passed",
          "title": "should process delayed messages after delay"
        },
        {
          "ancestorTitles": ["Message Queue System", "Provider Configuration"],
          "duration": 1,
          "failureDetails": [],
          "failureMessages": [],
          "fullName": "Message Queue System Provider Configuration should create memory provider by default",
          "invocations": 1,
          "location": null,
          "numPassingAsserts": 1,
          "retryReasons": [],
          "status": "passed",
          "title": "should create memory provider by default"
        },
        {
          "ancestorTitles": ["Message Queue System", "Provider Configuration"],
          "duration": 2,
          "failureDetails": [],
          "failureMessages": [],
          "fullName": "Message Queue System Provider Configuration should create memory provider explicitly",
          "invocations": 1,
          "location": null,
          "numPassingAsserts": 1,
          "retryReasons": [],
          "status": "passed",
          "title": "should create memory provider explicitly"
        },
        {
          "ancestorTitles": ["Message Queue System", "Provider Configuration"],
          "duration": 3,
          "failureDetails": [],
          "failureMessages": [],
          "fullName": "Message Queue System Provider Configuration should respect environment configuration",
          "invocations": 1,
          "location": null,
          "numPassingAsserts": 1,
          "retryReasons": [],
          "status": "passed",
          "title": "should respect environment configuration"
        },
        {
          "ancestorTitles": ["Message Creation"],
          "duration": 1,
          "failureDetails": [],
          "failureMessages": [],
          "fullName": "Message Creation should create messages with all properties",
          "invocations": 1,
          "location": null,
          "numPassingAsserts": 11,
          "retryReasons": [],
          "status": "passed",
          "title": "should create messages with all properties"
        },
        {
          "ancestorTitles": ["Message Creation"],
          "duration": 1,
          "failureDetails": [],
          "failureMessages": [],
          "fullName": "Message Creation should apply default values",
          "invocations": 1,
          "location": null,
          "numPassingAsserts": 3,
          "retryReasons": [],
          "status": "passed",
          "title": "should apply default values"
        }
      ],
      "endTime": 1755109097316,
      "message": "",
      "name": "/Users/ianlintner/Projects/React/backend/src/messageQueue/__tests__/messageQueue.test.ts",
      "startTime": 1755109082550,
      "status": "passed",
      "summary": ""
    },
    {
      "assertionResults": [
        {
          "ancestorTitles": ["Socket Handlers", "setupSocketHandlers"],
          "duration": 2,
          "failureDetails": [],
          "failureMessages": [],
          "fullName": "Socket Handlers setupSocketHandlers should set up socket handlers and return helper functions",
          "invocations": 1,
          "location": null,
          "numPassingAsserts": 3,
          "retryReasons": [],
          "status": "passed",
          "title": "should set up socket handlers and return helper functions"
        },
        {
          "ancestorTitles": ["Socket Handlers", "setupSocketHandlers"],
          "duration": 1,
          "failureDetails": [],
          "failureMessages": [],
          "fullName": "Socket Handlers setupSocketHandlers should log OpenAI API key status",
          "invocations": 1,
          "location": null,
          "numPassingAsserts": 1,
          "retryReasons": [],
          "status": "passed",
          "title": "should log OpenAI API key status"
        },
        {
          "ancestorTitles": ["Socket Handlers", "Connection Handler"],
          "duration": 1,
          "failureDetails": [],
          "failureMessages": [],
          "fullName": "Socket Handlers Connection Handler should handle new socket connection",
          "invocations": 1,
          "location": null,
          "numPassingAsserts": 2,
          "retryReasons": [],
          "status": "passed",
          "title": "should handle new socket connection"
        },
        {
          "ancestorTitles": ["Socket Handlers", "Connection Handler"],
          "duration": 1,
          "failureDetails": [],
          "failureMessages": [],
          "fullName": "Socket Handlers Connection Handler should set up socket event handlers",
          "invocations": 1,
          "location": null,
          "numPassingAsserts": 8,
          "retryReasons": [],
          "status": "passed",
          "title": "should set up socket event handlers"
        },
        {
          "ancestorTitles": ["Socket Handlers", "Connection Handler"],
          "duration": 1,
          "failureDetails": [],
          "failureMessages": [],
          "fullName": "Socket Handlers Connection Handler should set up periodic timers",
          "invocations": 1,
          "location": null,
          "numPassingAsserts": 2,
          "retryReasons": [],
          "status": "passed",
          "title": "should set up periodic timers"
        },
        {
          "ancestorTitles": ["Socket Handlers", "Connection Handler"],
          "duration": 1,
          "failureDetails": [],
          "failureMessages": [],
          "fullName": "Socket Handlers Connection Handler should properly clean up on disconnect",
          "invocations": 1,
          "location": null,
          "numPassingAsserts": 1,
          "retryReasons": [],
          "status": "passed",
          "title": "should properly clean up on disconnect"
        },
        {
          "ancestorTitles": ["Socket Handlers", "Join/Leave Conversation Handlers"],
          "duration": 1,
          "failureDetails": [],
          "failureMessages": [],
          "fullName": "Socket Handlers Join/Leave Conversation Handlers should handle join_conversation event",
          "invocations": 1,
          "location": null,
          "numPassingAsserts": 1,
          "retryReasons": [],
          "status": "passed",
          "title": "should handle join_conversation event"
        },
        {
          "ancestorTitles": ["Socket Handlers", "Join/Leave Conversation Handlers"],
          "duration": 2,
          "failureDetails": [],
          "failureMessages": [],
          "fullName": "Socket Handlers Join/Leave Conversation Handlers should handle leave_conversation event",
          "invocations": 1,
          "location": null,
          "numPassingAsserts": 1,
          "retryReasons": [],
          "status": "passed",
          "title": "should handle leave_conversation event"
        },
        {
          "ancestorTitles": ["Socket Handlers", "Typing Handlers"],
          "duration": 1,
          "failureDetails": [],
          "failureMessages": [],
          "fullName": "Socket Handlers Typing Handlers should handle typing_start event",
          "invocations": 1,
          "location": null,
          "numPassingAsserts": 2,
          "retryReasons": [],
          "status": "passed",
          "title": "should handle typing_start event"
        },
        {
          "ancestorTitles": ["Socket Handlers", "Typing Handlers"],
          "duration": 3,
          "failureDetails": [],
          "failureMessages": [],
          "fullName": "Socket Handlers Typing Handlers should handle typing_start event without userName",
          "invocations": 1,
          "location": null,
          "numPassingAsserts": 1,
          "retryReasons": [],
          "status": "passed",
          "title": "should handle typing_start event without userName"
        },
        {
          "ancestorTitles": ["Socket Handlers", "Typing Handlers"],
          "duration": 1,
          "failureDetails": [],
          "failureMessages": [],
          "fullName": "Socket Handlers Typing Handlers should handle typing_stop event",
          "invocations": 1,
          "location": null,
          "numPassingAsserts": 2,
          "retryReasons": [],
          "status": "passed",
          "title": "should handle typing_stop event"
        },
        {
          "ancestorTitles": ["Socket Handlers", "Message Read Handler"],
          "duration": 1,
          "failureDetails": [],
          "failureMessages": [],
          "fullName": "Socket Handlers Message Read Handler should handle message_read event",
          "invocations": 1,
          "location": null,
          "numPassingAsserts": 2,
          "retryReasons": [],
          "status": "passed",
          "title": "should handle message_read event"
        },
        {
          "ancestorTitles": ["Socket Handlers", "Stream Chat Handler"],
          "duration": 7,
          "failureDetails": [],
          "failureMessages": [],
          "fullName": "Socket Handlers Stream Chat Handler should handle empty message",
          "invocations": 1,
          "location": null,
          "numPassingAsserts": 1,
          "retryReasons": [],
          "status": "passed",
          "title": "should handle empty message"
        },
        {
          "ancestorTitles": ["Socket Handlers", "Stream Chat Handler"],
          "duration": 3,
          "failureDetails": [],
          "failureMessages": [],
          "fullName": "Socket Handlers Stream Chat Handler should handle conversation not found",
          "invocations": 1,
          "location": null,
          "numPassingAsserts": 1,
          "retryReasons": [],
          "status": "passed",
          "title": "should handle conversation not found"
        },
        {
          "ancestorTitles": ["Socket Handlers", "Stream Chat Handler"],
          "duration": 68,
          "failureDetails": [],
          "failureMessages": [],
          "fullName": "Socket Handlers Stream Chat Handler should create new conversation when no conversationId provided",
          "invocations": 1,
          "location": null,
          "numPassingAsserts": 2,
          "retryReasons": [],
          "status": "passed",
          "title": "should create new conversation when no conversationId provided"
        },
        {
          "ancestorTitles": ["Socket Handlers", "Stream Chat Handler"],
          "duration": 64,
          "failureDetails": [],
          "failureMessages": [],
          "fullName": "Socket Handlers Stream Chat Handler should use existing conversation when conversationId provided",
          "invocations": 1,
          "location": null,
          "numPassingAsserts": 2,
          "retryReasons": [],
          "status": "passed",
          "title": "should use existing conversation when conversationId provided"
        },
        {
          "ancestorTitles": ["Socket Handlers", "Stream Chat Handler"],
          "duration": 63,
          "failureDetails": [],
          "failureMessages": [],
          "fullName": "Socket Handlers Stream Chat Handler should process message and emit streaming response",
          "invocations": 1,
          "location": null,
          "numPassingAsserts": 5,
          "retryReasons": [],
          "status": "passed",
          "title": "should process message and emit streaming response"
        },
        {
          "ancestorTitles": ["Socket Handlers", "Stream Chat Handler"],
          "duration": 8,
          "failureDetails": [],
          "failureMessages": [],
          "fullName": "Socket Handlers Stream Chat Handler should handle agent service errors",
          "invocations": 1,
          "location": null,
          "numPassingAsserts": 1,
          "retryReasons": [],
          "status": "passed",
          "title": "should handle agent service errors"
        },
        {
          "ancestorTitles": ["Socket Handlers", "Stream Chat Handler"],
          "duration": 65,
          "failureDetails": [],
          "failureMessages": [],
          "fullName": "Socket Handlers Stream Chat Handler should handle proactive actions",
          "invocations": 1,
          "location": null,
          "numPassingAsserts": 1,
          "retryReasons": [],
          "status": "passed",
          "title": "should handle proactive actions"
        },
        {
          "ancestorTitles": ["Socket Handlers", "Stream Chat Handler"],
          "duration": 63,
          "failureDetails": [],
          "failureMessages": [],
          "fullName": "Socket Handlers Stream Chat Handler should track metrics during message processing",
          "invocations": 1,
          "location": null,
          "numPassingAsserts": 3,
          "retryReasons": [],
          "status": "passed",
          "title": "should track metrics during message processing"
        },
        {
          "ancestorTitles": ["Socket Handlers", "Disconnect Handler"],
          "duration": 2,
          "failureDetails": [],
          "failureMessages": [],
          "fullName": "Socket Handlers Disconnect Handler should handle socket disconnection",
          "invocations": 1,
          "location": null,
          "numPassingAsserts": 1,
          "retryReasons": [],
          "status": "passed",
          "title": "should handle socket disconnection"
        },
        {
          "ancestorTitles": ["Socket Handlers", "Error Handler"],
          "duration": 4,
          "failureDetails": [],
          "failureMessages": [],
          "fullName": "Socket Handlers Error Handler should handle socket errors",
          "invocations": 1,
          "location": null,
          "numPassingAsserts": 1,
          "retryReasons": [],
          "status": "passed",
          "title": "should handle socket errors"
        },
        {
          "ancestorTitles": ["Socket Handlers", "Helper Functions"],
          "duration": 2,
          "failureDetails": [],
          "failureMessages": [],
          "fullName": "Socket Handlers Helper Functions should provide emitToConversation helper",
          "invocations": 1,
          "location": null,
          "numPassingAsserts": 2,
          "retryReasons": [],
          "status": "passed",
          "title": "should provide emitToConversation helper"
        }
      ],
      "endTime": 1755109097788,
      "message": "",
      "name": "/Users/ianlintner/Projects/React/backend/src/socket/__tests__/socketHandlers.test.ts",
      "startTime": 1755109097320,
      "status": "passed",
      "summary": ""
    },
    {
      "assertionResults": [
        {
          "ancestorTitles": ["Validation Routes", "GET /api/validation/stats"],
          "duration": 24,
          "failureDetails": [],
          "failureMessages": [],
          "fullName": "Validation Routes GET /api/validation/stats should return validation statistics successfully",
          "invocations": 1,
          "location": null,
          "numPassingAsserts": 3,
          "retryReasons": [],
          "status": "passed",
          "title": "should return validation statistics successfully"
        },
        {
          "ancestorTitles": ["Validation Routes", "GET /api/validation/stats"],
          "duration": 12,
          "failureDetails": [],
          "failureMessages": [],
          "fullName": "Validation Routes GET /api/validation/stats should return 500 when responseValidator throws error",
          "invocations": 1,
          "location": null,
          "numPassingAsserts": 2,
          "retryReasons": [],
          "status": "passed",
          "title": "should return 500 when responseValidator throws error"
        },
        {
          "ancestorTitles": ["Validation Routes", "GET /api/validation/logs"],
          "duration": 4,
          "failureDetails": [],
          "failureMessages": [],
          "fullName": "Validation Routes GET /api/validation/logs should return paginated validation logs successfully",
          "invocations": 1,
          "location": null,
          "numPassingAsserts": 3,
          "retryReasons": [],
          "status": "passed",
          "title": "should return paginated validation logs successfully"
        },
        {
          "ancestorTitles": ["Validation Routes", "GET /api/validation/logs"],
          "duration": 3,
          "failureDetails": [],
          "failureMessages": [],
          "fullName": "Validation Routes GET /api/validation/logs should handle custom limit and offset parameters",
          "invocations": 1,
          "location": null,
          "numPassingAsserts": 2,
          "retryReasons": [],
          "status": "passed",
          "title": "should handle custom limit and offset parameters"
        },
        {
          "ancestorTitles": ["Validation Routes", "GET /api/validation/logs"],
          "duration": 12,
          "failureDetails": [],
          "failureMessages": [],
          "fullName": "Validation Routes GET /api/validation/logs should return 500 when responseValidator throws error",
          "invocations": 1,
          "location": null,
          "numPassingAsserts": 2,
          "retryReasons": [],
          "status": "passed",
          "title": "should return 500 when responseValidator throws error"
        },
        {
          "ancestorTitles": ["Validation Routes", "GET /api/validation/logs/:agentType"],
          "duration": 4,
          "failureDetails": [],
          "failureMessages": [],
          "fullName": "Validation Routes GET /api/validation/logs/:agentType should return filtered validation logs by agent type",
          "invocations": 1,
          "location": null,
          "numPassingAsserts": 2,
          "retryReasons": [],
          "status": "passed",
          "title": "should return filtered validation logs by agent type"
        },
        {
          "ancestorTitles": ["Validation Routes", "GET /api/validation/logs/:agentType"],
          "duration": 4,
          "failureDetails": [],
          "failureMessages": [],
          "fullName": "Validation Routes GET /api/validation/logs/:agentType should handle pagination for filtered logs",
          "invocations": 1,
          "location": null,
          "numPassingAsserts": 2,
          "retryReasons": [],
          "status": "passed",
          "title": "should handle pagination for filtered logs"
        },
        {
          "ancestorTitles": ["Validation Routes", "GET /api/validation/logs/:agentType"],
          "duration": 5,
          "failureDetails": [],
          "failureMessages": [],
          "fullName": "Validation Routes GET /api/validation/logs/:agentType should return empty array for non-existent agent type",
          "invocations": 1,
          "location": null,
          "numPassingAsserts": 2,
          "retryReasons": [],
          "status": "passed",
          "title": "should return empty array for non-existent agent type"
        },
        {
          "ancestorTitles": ["Validation Routes", "GET /api/validation/logs/:agentType"],
          "duration": 5,
          "failureDetails": [],
          "failureMessages": [],
          "fullName": "Validation Routes GET /api/validation/logs/:agentType should return 500 when responseValidator throws error",
          "invocations": 1,
          "location": null,
          "numPassingAsserts": 2,
          "retryReasons": [],
          "status": "passed",
          "title": "should return 500 when responseValidator throws error"
        },
        {
          "ancestorTitles": ["Validation Routes", "GET /api/validation/failed"],
          "duration": 4,
          "failureDetails": [],
          "failureMessages": [],
          "fullName": "Validation Routes GET /api/validation/failed should return only failed validations",
          "invocations": 1,
          "location": null,
          "numPassingAsserts": 2,
          "retryReasons": [],
          "status": "passed",
          "title": "should return only failed validations"
        },
        {
          "ancestorTitles": ["Validation Routes", "GET /api/validation/failed"],
          "duration": 4,
          "failureDetails": [],
          "failureMessages": [],
          "fullName": "Validation Routes GET /api/validation/failed should handle pagination for failed validations",
          "invocations": 1,
          "location": null,
          "numPassingAsserts": 2,
          "retryReasons": [],
          "status": "passed",
          "title": "should handle pagination for failed validations"
        },
        {
          "ancestorTitles": ["Validation Routes", "GET /api/validation/failed"],
          "duration": 4,
          "failureDetails": [],
          "failureMessages": [],
          "fullName": "Validation Routes GET /api/validation/failed should return empty array when no failed validations exist",
          "invocations": 1,
          "location": null,
          "numPassingAsserts": 2,
          "retryReasons": [],
          "status": "passed",
          "title": "should return empty array when no failed validations exist"
        },
        {
          "ancestorTitles": ["Validation Routes", "GET /api/validation/failed"],
          "duration": 8,
          "failureDetails": [],
          "failureMessages": [],
          "fullName": "Validation Routes GET /api/validation/failed should return 500 when responseValidator throws error",
          "invocations": 1,
          "location": null,
          "numPassingAsserts": 2,
          "retryReasons": [],
          "status": "passed",
          "title": "should return 500 when responseValidator throws error"
        },
        {
          "ancestorTitles": ["Validation Routes", "GET /api/validation/summary"],
          "duration": 4,
          "failureDetails": [],
          "failureMessages": [],
          "fullName": "Validation Routes GET /api/validation/summary should return validation summary by agent type",
          "invocations": 1,
          "location": null,
          "numPassingAsserts": 2,
          "retryReasons": [],
          "status": "passed",
          "title": "should return validation summary by agent type"
        },
        {
          "ancestorTitles": ["Validation Routes", "GET /api/validation/summary"],
          "duration": 3,
          "failureDetails": [],
          "failureMessages": [],
          "fullName": "Validation Routes GET /api/validation/summary should handle empty logs",
          "invocations": 1,
          "location": null,
          "numPassingAsserts": 2,
          "retryReasons": [],
          "status": "passed",
          "title": "should handle empty logs"
        },
        {
          "ancestorTitles": ["Validation Routes", "GET /api/validation/summary"],
          "duration": 5,
          "failureDetails": [],
          "failureMessages": [],
          "fullName": "Validation Routes GET /api/validation/summary should return 500 when responseValidator throws error",
          "invocations": 1,
          "location": null,
          "numPassingAsserts": 2,
          "retryReasons": [],
          "status": "passed",
          "title": "should return 500 when responseValidator throws error"
        },
        {
          "ancestorTitles": ["Validation Routes", "POST /api/validation/clear"],
          "duration": 3,
          "failureDetails": [],
          "failureMessages": [],
          "fullName": "Validation Routes POST /api/validation/clear should clear validation logs successfully",
          "invocations": 1,
          "location": null,
          "numPassingAsserts": 3,
          "retryReasons": [],
          "status": "passed",
          "title": "should clear validation logs successfully"
        },
        {
          "ancestorTitles": ["Validation Routes", "POST /api/validation/clear"],
          "duration": 7,
          "failureDetails": [],
          "failureMessages": [],
          "fullName": "Validation Routes POST /api/validation/clear should return 500 when responseValidator throws error",
          "invocations": 1,
          "location": null,
          "numPassingAsserts": 2,
          "retryReasons": [],
          "status": "passed",
          "title": "should return 500 when responseValidator throws error"
        }
      ],
      "endTime": 1755109098013,
      "message": "",
      "name": "/Users/ianlintner/Projects/React/backend/src/routes/__tests__/validation.test.ts",
      "startTime": 1755109097793,
      "status": "passed",
      "summary": ""
    },
    {
      "assertionResults": [
        {
          "ancestorTitles": ["Conversations Routes", "GET /api/conversations"],
          "duration": 10,
          "failureDetails": [],
          "failureMessages": [],
          "fullName": "Conversations Routes GET /api/conversations should return all conversations with last message only",
          "invocations": 1,
          "location": null,
          "numPassingAsserts": 5,
          "retryReasons": [],
          "status": "passed",
          "title": "should return all conversations with last message only"
        },
        {
          "ancestorTitles": ["Conversations Routes", "GET /api/conversations"],
          "duration": 6,
          "failureDetails": [],
          "failureMessages": [],
          "fullName": "Conversations Routes GET /api/conversations should handle empty conversations list",
          "invocations": 1,
          "location": null,
          "numPassingAsserts": 2,
          "retryReasons": [],
          "status": "passed",
          "title": "should handle empty conversations list"
        },
        {
          "ancestorTitles": ["Conversations Routes", "GET /api/conversations"],
          "duration": 17,
          "failureDetails": [],
          "failureMessages": [],
          "fullName": "Conversations Routes GET /api/conversations should return 500 when storage throws error",
          "invocations": 1,
          "location": null,
          "numPassingAsserts": 2,
          "retryReasons": [],
          "status": "passed",
          "title": "should return 500 when storage throws error"
        },
        {
          "ancestorTitles": ["Conversations Routes", "GET /api/conversations/:id"],
          "duration": 8,
          "failureDetails": [],
          "failureMessages": [],
          "fullName": "Conversations Routes GET /api/conversations/:id should return specific conversation with all messages",
          "invocations": 1,
          "location": null,
          "numPassingAsserts": 3,
          "retryReasons": [],
          "status": "passed",
          "title": "should return specific conversation with all messages"
        },
        {
          "ancestorTitles": ["Conversations Routes", "GET /api/conversations/:id"],
          "duration": 8,
          "failureDetails": [],
          "failureMessages": [],
          "fullName": "Conversations Routes GET /api/conversations/:id should return 404 when conversation not found",
          "invocations": 1,
          "location": null,
          "numPassingAsserts": 2,
          "retryReasons": [],
          "status": "passed",
          "title": "should return 404 when conversation not found"
        },
        {
          "ancestorTitles": ["Conversations Routes", "GET /api/conversations/:id"],
          "duration": 15,
          "failureDetails": [],
          "failureMessages": [],
          "fullName": "Conversations Routes GET /api/conversations/:id should return 500 when storage throws error",
          "invocations": 1,
          "location": null,
          "numPassingAsserts": 2,
          "retryReasons": [],
          "status": "passed",
          "title": "should return 500 when storage throws error"
        },
        {
          "ancestorTitles": ["Conversations Routes", "POST /api/conversations"],
          "duration": 11,
          "failureDetails": [],
          "failureMessages": [],
          "fullName": "Conversations Routes POST /api/conversations should create new conversation with valid title",
          "invocations": 1,
          "location": null,
          "numPassingAsserts": 3,
          "retryReasons": [],
          "status": "passed",
          "title": "should create new conversation with valid title"
        },
        {
          "ancestorTitles": ["Conversations Routes", "POST /api/conversations"],
          "duration": 3,
          "failureDetails": [],
          "failureMessages": [],
          "fullName": "Conversations Routes POST /api/conversations should trim whitespace from title",
          "invocations": 1,
          "location": null,
          "numPassingAsserts": 3,
          "retryReasons": [],
          "status": "passed",
          "title": "should trim whitespace from title"
        },
        {
          "ancestorTitles": ["Conversations Routes", "POST /api/conversations"],
          "duration": 5,
          "failureDetails": [],
          "failureMessages": [],
          "fullName": "Conversations Routes POST /api/conversations should return 400 when title is empty",
          "invocations": 1,
          "location": null,
          "numPassingAsserts": 3,
          "retryReasons": [],
          "status": "passed",
          "title": "should return 400 when title is empty"
        },
        {
          "ancestorTitles": ["Conversations Routes", "POST /api/conversations"],
          "duration": 2,
          "failureDetails": [],
          "failureMessages": [],
          "fullName": "Conversations Routes POST /api/conversations should return 400 when title is whitespace only",
          "invocations": 1,
          "location": null,
          "numPassingAsserts": 2,
          "retryReasons": [],
          "status": "passed",
          "title": "should return 400 when title is whitespace only"
        },
        {
          "ancestorTitles": ["Conversations Routes", "POST /api/conversations"],
          "duration": 5,
          "failureDetails": [],
          "failureMessages": [],
          "fullName": "Conversations Routes POST /api/conversations should return 500 when storage throws error",
          "invocations": 1,
          "location": null,
          "numPassingAsserts": 2,
          "retryReasons": [],
          "status": "passed",
          "title": "should return 500 when storage throws error"
        },
        {
          "ancestorTitles": ["Conversations Routes", "PUT /api/conversations/:id"],
          "duration": 3,
          "failureDetails": [],
          "failureMessages": [],
          "fullName": "Conversations Routes PUT /api/conversations/:id should update conversation title",
          "invocations": 1,
          "location": null,
          "numPassingAsserts": 3,
          "retryReasons": [],
          "status": "passed",
          "title": "should update conversation title"
        },
        {
          "ancestorTitles": ["Conversations Routes", "PUT /api/conversations/:id"],
          "duration": 4,
          "failureDetails": [],
          "failureMessages": [],
          "fullName": "Conversations Routes PUT /api/conversations/:id should trim whitespace from updated title",
          "invocations": 1,
          "location": null,
          "numPassingAsserts": 3,
          "retryReasons": [],
          "status": "passed",
          "title": "should trim whitespace from updated title"
        },
        {
          "ancestorTitles": ["Conversations Routes", "PUT /api/conversations/:id"],
          "duration": 3,
          "failureDetails": [],
          "failureMessages": [],
          "fullName": "Conversations Routes PUT /api/conversations/:id should return 400 when title is empty",
          "invocations": 1,
          "location": null,
          "numPassingAsserts": 3,
          "retryReasons": [],
          "status": "passed",
          "title": "should return 400 when title is empty"
        },
        {
          "ancestorTitles": ["Conversations Routes", "PUT /api/conversations/:id"],
          "duration": 3,
          "failureDetails": [],
          "failureMessages": [],
          "fullName": "Conversations Routes PUT /api/conversations/:id should return 404 when conversation not found",
          "invocations": 1,
          "location": null,
          "numPassingAsserts": 2,
          "retryReasons": [],
          "status": "passed",
          "title": "should return 404 when conversation not found"
        },
        {
          "ancestorTitles": ["Conversations Routes", "PUT /api/conversations/:id"],
          "duration": 7,
          "failureDetails": [],
          "failureMessages": [],
          "fullName": "Conversations Routes PUT /api/conversations/:id should return 500 when storage throws error",
          "invocations": 1,
          "location": null,
          "numPassingAsserts": 2,
          "retryReasons": [],
          "status": "passed",
          "title": "should return 500 when storage throws error"
        },
        {
          "ancestorTitles": ["Conversations Routes", "DELETE /api/conversations/:id"],
          "duration": 6,
          "failureDetails": [],
          "failureMessages": [],
          "fullName": "Conversations Routes DELETE /api/conversations/:id should delete conversation successfully",
          "invocations": 1,
          "location": null,
          "numPassingAsserts": 3,
          "retryReasons": [],
          "status": "passed",
          "title": "should delete conversation successfully"
        },
        {
          "ancestorTitles": ["Conversations Routes", "DELETE /api/conversations/:id"],
          "duration": 3,
          "failureDetails": [],
          "failureMessages": [],
          "fullName": "Conversations Routes DELETE /api/conversations/:id should return 404 when conversation not found",
          "invocations": 1,
          "location": null,
          "numPassingAsserts": 2,
          "retryReasons": [],
          "status": "passed",
          "title": "should return 404 when conversation not found"
        },
        {
          "ancestorTitles": ["Conversations Routes", "DELETE /api/conversations/:id"],
          "duration": 5,
          "failureDetails": [],
          "failureMessages": [],
          "fullName": "Conversations Routes DELETE /api/conversations/:id should return 500 when storage throws error",
          "invocations": 1,
          "location": null,
          "numPassingAsserts": 2,
          "retryReasons": [],
          "status": "passed",
          "title": "should return 500 when storage throws error"
        }
      ],
      "endTime": 1755109098172,
      "message": "",
      "name": "/Users/ianlintner/Projects/React/backend/src/routes/__tests__/conversations.test.ts",
      "startTime": 1755109098015,
      "status": "passed",
      "summary": ""
    },
    {
      "assertionResults": [
        {
          "ancestorTitles": ["Reactions Routes", "POST /api/reactions/record"],
          "duration": 7,
          "failureDetails": [],
          "failureMessages": [],
          "fullName": "Reactions Routes POST /api/reactions/record should record a reaction successfully",
          "invocations": 1,
          "location": null,
          "numPassingAsserts": 3,
          "retryReasons": [],
          "status": "passed",
          "title": "should record a reaction successfully"
        },
        {
          "ancestorTitles": ["Reactions Routes", "POST /api/reactions/record"],
          "duration": 4,
          "failureDetails": [],
          "failureMessages": [],
          "fullName": "Reactions Routes POST /api/reactions/record should return 400 when messageId is missing",
          "invocations": 1,
          "location": null,
          "numPassingAsserts": 3,
          "retryReasons": [],
          "status": "passed",
          "title": "should return 400 when messageId is missing"
        },
        {
          "ancestorTitles": ["Reactions Routes", "POST /api/reactions/record"],
          "duration": 3,
          "failureDetails": [],
          "failureMessages": [],
          "fullName": "Reactions Routes POST /api/reactions/record should return 400 when userId is missing",
          "invocations": 1,
          "location": null,
          "numPassingAsserts": 3,
          "retryReasons": [],
          "status": "passed",
          "title": "should return 400 when userId is missing"
        },
        {
          "ancestorTitles": ["Reactions Routes", "POST /api/reactions/record"],
          "duration": 6,
          "failureDetails": [],
          "failureMessages": [],
          "fullName": "Reactions Routes POST /api/reactions/record should return 400 when reactionType is missing",
          "invocations": 1,
          "location": null,
          "numPassingAsserts": 3,
          "retryReasons": [],
          "status": "passed",
          "title": "should return 400 when reactionType is missing"
        },
        {
          "ancestorTitles": ["Reactions Routes", "POST /api/reactions/record"],
          "duration": 3,
          "failureDetails": [],
          "failureMessages": [],
          "fullName": "Reactions Routes POST /api/reactions/record should return 400 when reactionType is invalid",
          "invocations": 1,
          "location": null,
          "numPassingAsserts": 3,
          "retryReasons": [],
          "status": "passed",
          "title": "should return 400 when reactionType is invalid"
        },
        {
          "ancestorTitles": ["Reactions Routes", "POST /api/reactions/record"],
          "duration": 13,
          "failureDetails": [],
          "failureMessages": [],
          "fullName": "Reactions Routes POST /api/reactions/record should accept all valid reaction types",
          "invocations": 1,
          "location": null,
          "numPassingAsserts": 10,
          "retryReasons": [],
          "status": "passed",
          "title": "should accept all valid reaction types"
[...]
        },
        {
          "ancestorTitles": ["MemoryStorage", "Conversation Management", "deleteConversation"],
          "duration": 0,
          "failureDetails": [],
          "failureMessages": [],
          "fullName": "MemoryStorage Conversation Management deleteConversation should return false for non-existent conversation",
          "invocations": 1,
          "location": null,
          "numPassingAsserts": 1,
          "retryReasons": [],
          "status": "passed",
          "title": "should return false for non-existent conversation"
        },
        {
          "ancestorTitles": ["MemoryStorage", "Conversation Management", "deleteConversation"],
          "duration": 4,
          "failureDetails": [],
          "failureMessages": [],
          "fullName": "MemoryStorage Conversation Management deleteConversation should not affect other conversations when deleting one",
          "invocations": 1,
          "location": null,
          "numPassingAsserts": 3,
          "retryReasons": [],
          "status": "passed",
          "title": "should not affect other conversations when deleting one"
        },
        {
          "ancestorTitles": ["MemoryStorage", "Helper Methods", "getSortedConversations"],
          "duration": 1,
          "failureDetails": [],
          "failureMessages": [],
          "fullName": "MemoryStorage Helper Methods getSortedConversations should return conversations sorted by updatedAt (newest first)",
          "invocations": 1,
          "location": null,
          "numPassingAsserts": 4,
          "retryReasons": [],
          "status": "passed",
          "title": "should return conversations sorted by updatedAt (newest first)"
        },
        {
          "ancestorTitles": ["MemoryStorage", "Helper Methods", "getSortedConversations"],
          "duration": 0,
          "failureDetails": [],
          "failureMessages": [],
          "fullName": "MemoryStorage Helper Methods getSortedConversations should return empty array when no conversations exist",
          "invocations": 1,
          "location": null,
          "numPassingAsserts": 1,
          "retryReasons": [],
          "status": "passed",
          "title": "should return empty array when no conversations exist"
        },
        {
          "ancestorTitles": ["MemoryStorage", "Helper Methods", "getSortedConversations"],
          "duration": 1,
          "failureDetails": [],
          "failureMessages": [],
          "fullName": "MemoryStorage Helper Methods getSortedConversations should not modify original conversations array",
          "invocations": 1,
          "location": null,
          "numPassingAsserts": 2,
          "retryReasons": [],
          "status": "passed",
          "title": "should not modify original conversations array"
        },
        {
          "ancestorTitles": ["MemoryStorage", "Helper Methods", "getConversationWithLastMessage"],
          "duration": 0,
          "failureDetails": [],
          "failureMessages": [],
          "fullName": "MemoryStorage Helper Methods getConversationWithLastMessage should return conversation with only the last message",
          "invocations": 1,
          "location": null,
          "numPassingAsserts": 5,
          "retryReasons": [],
          "status": "passed",
          "title": "should return conversation with only the last message"
        },
        {
          "ancestorTitles": ["MemoryStorage", "Helper Methods", "getConversationWithLastMessage"],
          "duration": 1,
          "failureDetails": [],
          "failureMessages": [],
          "fullName": "MemoryStorage Helper Methods getConversationWithLastMessage should return conversation with empty messages array if no messages exist",
          "invocations": 1,
          "location": null,
          "numPassingAsserts": 2,
          "retryReasons": [],
          "status": "passed",
          "title": "should return conversation with empty messages array if no messages exist"
        },
        {
          "ancestorTitles": ["MemoryStorage", "Helper Methods", "getConversationWithLastMessage"],
          "duration": 0,
          "failureDetails": [],
          "failureMessages": [],
          "fullName": "MemoryStorage Helper Methods getConversationWithLastMessage should return null for non-existent conversation",
          "invocations": 1,
          "location": null,
          "numPassingAsserts": 1,
          "retryReasons": [],
          "status": "passed",
          "title": "should return null for non-existent conversation"
        },
        {
          "ancestorTitles": ["MemoryStorage", "Data Integrity"],
          "duration": 0,
          "failureDetails": [],
          "failureMessages": [],
          "fullName": "MemoryStorage Data Integrity should maintain data integrity across operations",
          "invocations": 1,
          "location": null,
          "numPassingAsserts": 7,
          "retryReasons": [],
          "status": "passed",
          "title": "should maintain data integrity across operations"
        }
      ],
      "endTime": 1755109098721,
      "message": "",
      "name": "/Users/ianlintner/Projects/React/backend/src/storage/__tests__/memoryStorage.test.ts",
      "startTime": 1755109098696,
      "status": "passed",
      "summary": ""
    },
    {
      "assertionResults": [
        {
          "ancestorTitles": ["RAGService", "Content Database"],
          "duration": 1,
          "failureDetails": [],
          "failureMessages": [],
          "fullName": "RAGService Content Database should initialize with predefined content",
          "invocations": 1,
          "location": null,
          "numPassingAsserts": 3,
          "retryReasons": [],
          "status": "passed",
          "title": "should initialize with predefined content"
        },
        {
          "ancestorTitles": ["RAGService", "Content Database"],
          "duration": 1,
          "failureDetails": [],
          "failureMessages": [],
          "fullName": "RAGService Content Database should have quality-rated content",
          "invocations": 1,
          "location": null,
          "numPassingAsserts": 60,
          "retryReasons": [],
          "status": "passed",
          "title": "should have quality-rated content"
        },
        {
          "ancestorTitles": ["RAGService", "Content Database"],
          "duration": 2,
          "failureDetails": [],
          "failureMessages": [],
          "fullName": "RAGService Content Database should have proper content structure",
          "invocations": 1,
          "location": null,
          "numPassingAsserts": 35,
          "retryReasons": [],
          "status": "passed",
          "title": "should have proper content structure"
        },
        {
          "ancestorTitles": ["RAGService", "Search Functionality"],
          "duration": 0,
          "failureDetails": [],
          "failureMessages": [],
          "fullName": "RAGService Search Functionality should find content matches",
          "invocations": 1,
          "location": null,
          "numPassingAsserts": 3,
          "retryReasons": [],
          "status": "passed",
          "title": "should find content matches"
        },
        {
          "ancestorTitles": ["RAGService", "Search Functionality"],
          "duration": 1,
          "failureDetails": [],
          "failureMessages": [],
          "fullName": "RAGService Search Functionality should respect search limits",
          "invocations": 1,
          "location": null,
          "numPassingAsserts": 1,
          "retryReasons": [],
          "status": "passed",
          "title": "should respect search limits"
        },
        {
          "ancestorTitles": ["RAGService", "Agent-Specific Search"],
          "duration": 0,
          "failureDetails": [],
          "failureMessages": [],
          "fullName": "RAGService Agent-Specific Search should return appropriate content for joke agent",
          "invocations": 1,
          "location": null,
          "numPassingAsserts": 3,
          "retryReasons": [],
          "status": "passed",
          "title": "should return appropriate content for joke agent"
        },
        {
          "ancestorTitles": ["RAGService", "Agent-Specific Search"],
          "duration": 1,
          "failureDetails": [],
          "failureMessages": [],
          "fullName": "RAGService Agent-Specific Search should return appropriate content for trivia agent",
          "invocations": 1,
          "location": null,
          "numPassingAsserts": 3,
          "retryReasons": [],
          "status": "passed",
          "title": "should return appropriate content for trivia agent"
        },
        {
          "ancestorTitles": ["RAGService", "Agent-Specific Search"],
          "duration": 0,
          "failureDetails": [],
          "failureMessages": [],
          "fullName": "RAGService Agent-Specific Search should return appropriate content for gif agent",
          "invocations": 1,
          "location": null,
          "numPassingAsserts": 3,
          "retryReasons": [],
          "status": "passed",
          "title": "should return appropriate content for gif agent"
        },
        {
          "ancestorTitles": ["RAGService", "Agent-Specific Search"],
          "duration": 1,
          "failureDetails": [],
          "failureMessages": [],
          "fullName": "RAGService Agent-Specific Search should fallback to random content when no match found",
          "invocations": 1,
          "location": null,
          "numPassingAsserts": 2,
          "retryReasons": [],
          "status": "passed",
          "title": "should fallback to random content when no match found"
        },
        {
          "ancestorTitles": ["RAGService", "Agent-Specific Search"],
          "duration": 0,
          "failureDetails": [],
          "failureMessages": [],
          "fullName": "RAGService Agent-Specific Search should return null when no fallback requested",
          "invocations": 1,
          "location": null,
          "numPassingAsserts": 1,
          "retryReasons": [],
          "status": "passed",
          "title": "should return null when no fallback requested"
        },
        {
          "ancestorTitles": ["RAGService", "Random Content Retrieval"],
          "duration": 0,
          "failureDetails": [],
          "failureMessages": [],
          "fullName": "RAGService Random Content Retrieval should return random jokes",
          "invocations": 1,
          "location": null,
          "numPassingAsserts": 2,
          "retryReasons": [],
          "status": "passed",
          "title": "should return random jokes"
        },
        {
          "ancestorTitles": ["RAGService", "Random Content Retrieval"],
          "duration": 1,
          "failureDetails": [],
          "failureMessages": [],
          "fullName": "RAGService Random Content Retrieval should return random content by category",
          "invocations": 1,
          "location": null,
          "numPassingAsserts": 2,
          "retryReasons": [],
          "status": "passed",
          "title": "should return random content by category"
        },
        {
          "ancestorTitles": ["RAGService", "Content Management"],
          "duration": 0,
          "failureDetails": [],
          "failureMessages": [],
          "fullName": "RAGService Content Management should add new content successfully",
          "invocations": 1,
          "location": null,
          "numPassingAsserts": 1,
          "retryReasons": [],
          "status": "passed",
          "title": "should add new content successfully"
        },
        {
          "ancestorTitles": ["RAGService", "Content Management"],
          "duration": 1,
          "failureDetails": [],
          "failureMessages": [],
          "fullName": "RAGService Content Management should retrieve top-rated content",
          "invocations": 1,
          "location": null,
          "numPassingAsserts": 7,
          "retryReasons": [],
          "status": "passed",
          "title": "should retrieve top-rated content"
        },
        {
          "ancestorTitles": ["RAGService", "Content Quality Assurance"],
          "duration": 0,
          "failureDetails": [],
          "failureMessages": [],
          "fullName": "RAGService Content Quality Assurance should have family-friendly joke content",
          "invocations": 1,
          "location": null,
          "numPassingAsserts": 20,
          "retryReasons": [],
          "status": "passed",
          "title": "should have family-friendly joke content"
        },
        {
          "ancestorTitles": ["RAGService", "Content Quality Assurance"],
          "duration": 1,
          "failureDetails": [],
          "failureMessages": [],
          "fullName": "RAGService Content Quality Assurance should have educational trivia content",
          "invocations": 1,
          "location": null,
          "numPassingAsserts": 20,
          "retryReasons": [],
          "status": "passed",
          "title": "should have educational trivia content"
        },
        {
          "ancestorTitles": ["RAGService", "Content Quality Assurance"],
          "duration": 1,
          "failureDetails": [],
          "failureMessages": [],
          "fullName": "RAGService Content Quality Assurance should have accessible GIF content",
          "invocations": 1,
          "location": null,
          "numPassingAsserts": 30,
          "retryReasons": [],
          "status": "passed",
          "title": "should have accessible GIF content"
        }
      ],
      "endTime": 1755109098747,
      "message": "",
      "name": "/Users/ianlintner/Projects/React/backend/src/agents/__tests__/ragService.test.ts",
      "startTime": 1755109098723,
      "status": "passed",
      "summary": ""
    },
    {
      "assertionResults": [
        {
          "ancestorTitles": ["Tracer Utility Functions", "endSpan function"],
          "duration": 1,
          "failureDetails": [],
          "failureMessages": [],
          "fullName": "Tracer Utility Functions endSpan function should handle null spans without throwing",
          "invocations": 1,
          "location": null,
          "numPassingAsserts": 2,
          "retryReasons": [],
          "status": "passed",
          "title": "should handle null spans without throwing"
        },
        {
          "ancestorTitles": ["Tracer Utility Functions", "endSpan function"],
          "duration": 1,
          "failureDetails": [],
          "failureMessages": [],
          "fullName": "Tracer Utility Functions endSpan function should call span.end() when given a valid span",
          "invocations": 1,
          "location": null,
          "numPassingAsserts": 1,
          "retryReasons": [],
          "status": "passed",
          "title": "should call span.end() when given a valid span"
        },
        {
          "ancestorTitles": ["Tracer Utility Functions", "endSpan function"],
          "duration": 0,
          "failureDetails": [],
          "failureMessages": [],
          "fullName": "Tracer Utility Functions endSpan function should set attributes and end span when attributes provided",
          "invocations": 1,
          "location": null,
          "numPassingAsserts": 2,
          "retryReasons": [],
          "status": "passed",
          "title": "should set attributes and end span when attributes provided"
        },
        {
          "ancestorTitles": ["Tracer Utility Functions", "setSpanStatus function"],
          "duration": 1,
          "failureDetails": [],
          "failureMessages": [],
          "fullName": "Tracer Utility Functions setSpanStatus function should handle null spans without throwing",
          "invocations": 1,
          "location": null,
          "numPassingAsserts": 2,
          "retryReasons": [],
          "status": "passed",
          "title": "should handle null spans without throwing"
        },
        {
          "ancestorTitles": ["Tracer Utility Functions", "setSpanStatus function"],
          "duration": 0,
          "failureDetails": [],
          "failureMessages": [],
          "fullName": "Tracer Utility Functions setSpanStatus function should set OK status for successful operations",
          "invocations": 1,
          "location": null,
          "numPassingAsserts": 1,
          "retryReasons": [],
          "status": "passed",
          "title": "should set OK status for successful operations"
        },
        {
          "ancestorTitles": ["Tracer Utility Functions", "setSpanStatus function"],
          "duration": 1,
          "failureDetails": [],
          "failureMessages": [],
          "fullName": "Tracer Utility Functions setSpanStatus function should set ERROR status for failed operations",
          "invocations": 1,
          "location": null,
          "numPassingAsserts": 1,
          "retryReasons": [],
          "status": "passed",
          "title": "should set ERROR status for failed operations"
        },
        {
          "ancestorTitles": ["Tracer Utility Functions", "setSpanStatus function"],
          "duration": 0,
          "failureDetails": [],
          "failureMessages": [],
          "fullName": "Tracer Utility Functions setSpanStatus function should use default error message when none provided",
          "invocations": 1,
          "location": null,
          "numPassingAsserts": 1,
          "retryReasons": [],
          "status": "passed",
          "title": "should use default error message when none provided"
        },
        {
          "ancestorTitles": ["Tracer Utility Functions", "addSpanEvent function"],
          "duration": 0,
          "failureDetails": [],
          "failureMessages": [],
          "fullName": "Tracer Utility Functions addSpanEvent function should handle null spans without throwing",
          "invocations": 1,
          "location": null,
          "numPassingAsserts": 2,
          "retryReasons": [],
          "status": "passed",
          "title": "should handle null spans without throwing"
        },
        {
          "ancestorTitles": ["Tracer Utility Functions", "addSpanEvent function"],
          "duration": 1,
          "failureDetails": [],
          "failureMessages": [],
          "fullName": "Tracer Utility Functions addSpanEvent function should add event with timestamp",
          "invocations": 1,
          "location": null,
          "numPassingAsserts": 1,
          "retryReasons": [],
          "status": "passed",
          "title": "should add event with timestamp"
        },
        {
          "ancestorTitles": ["Tracer Utility Functions", "addSpanEvent function"],
          "duration": 0,
          "failureDetails": [],
          "failureMessages": [],
          "fullName": "Tracer Utility Functions addSpanEvent function should add event with custom attributes",
          "invocations": 1,
          "location": null,
          "numPassingAsserts": 1,
          "retryReasons": [],
          "status": "passed",
          "title": "should add event with custom attributes"
        },
        {
          "ancestorTitles": ["Tracer Utility Functions", "basic functionality"],
          "duration": 1,
          "failureDetails": [],
          "failureMessages": [],
          "fullName": "Tracer Utility Functions basic functionality should export necessary functions",
          "invocations": 1,
          "location": null,
          "numPassingAsserts": 3,
          "retryReasons": [],
          "status": "passed",
          "title": "should export necessary functions"
        }
      ],
      "endTime": 1755109098767,
      "message": "",
      "name": "/Users/ianlintner/Projects/React/backend/src/tracing/__tests__/tracer.test.ts",
      "startTime": 1755109098751,
      "status": "passed",
      "summary": ""
    }
  ],
  "wasInterrupted": false
}
